{"meta": {"format": 3, "version": "7.13.3", "timestamp": "2026-02-13T07:51:14.891108", "branch_coverage": false, "show_contexts": false}, "files": {"backend/app/__init__.py": {"executed_lines": [], "summary": {"covered_lines": 0, "num_statements": 0, "percent_covered": 100.0, "percent_covered_display": "100", "missing_lines": 0, "excluded_lines": 0, "percent_statements_covered": 100.0, "percent_statements_covered_display": "100"}, "missing_lines": [], "excluded_lines": [], "functions": {"": {"executed_lines": [], "summary": {"covered_lines": 0, "num_statements": 0, "percent_covered": 100.0, "percent_covered_display": "100", "missing_lines": 0, "excluded_lines": 0, "percent_statements_covered": 100.0, "percent_statements_covered_display": "100"}, "missing_lines": [], "excluded_lines": [], "start_line": 1}}, "classes": {"": {"executed_lines": [], "summary": {"covered_lines": 0, "num_statements": 0, "percent_covered": 100.0, "percent_covered_display": "100", "missing_lines": 0, "excluded_lines": 0, "percent_statements_covered": 100.0, "percent_statements_covered_display": "100"}, "missing_lines": [], "excluded_lines": [], "start_line": 1}}}, "backend/app/config.py": {"executed_lines": [4, 7, 11, 14, 15, 16, 19, 20, 23, 24, 26, 27, 28, 31], "summary": {"covered_lines": 14, "num_statements": 14, "percent_covered": 100.0, "percent_covered_display": "100", "missing_lines": 0, "excluded_lines": 0, "percent_statements_covered": 100.0, "percent_statements_covered_display": "100"}, "missing_lines": [], "excluded_lines": [], "functions": {"": {"executed_lines": [4, 7, 11, 14, 15, 16, 19, 20, 23, 24, 26, 27, 28, 31], "summary": {"covered_lines": 14, "num_statements": 14, "percent_covered": 100.0, "percent_covered_display": "100", "missing_lines": 0, "excluded_lines": 0, "percent_statements_covered": 100.0, "percent_statements_covered_display": "100"}, "missing_lines": [], "excluded_lines": [], "start_line": 1}}, "classes": {"Settings": {"executed_lines": [], "summary": {"covered_lines": 0, "num_statements": 0, "percent_covered": 100.0, "percent_covered_display": "100", "missing_lines": 0, "excluded_lines": 0, "percent_statements_covered": 100.0, "percent_statements_covered_display": "100"}, "missing_lines": [], "excluded_lines": [], "start_line": 7}, "Settings.Config": {"executed_lines": [], "summary": {"covered_lines": 0, "num_statements": 0, "percent_covered": 100.0, "percent_covered_display": "100", "missing_lines": 0, "excluded_lines": 0, "percent_statements_covered": 100.0, "percent_statements_covered_display": "100"}, "missing_lines": [], "excluded_lines": [], "start_line": 26}, "": {"executed_lines": [4, 7, 11, 14, 15, 16, 19, 20, 23, 24, 26, 27, 28, 31], "summary": {"covered_lines": 14, "num_statements": 14, "percent_covered": 100.0, "percent_covered_display": "100", "missing_lines": 0, "excluded_lines": 0, "percent_statements_covered": 100.0, "percent_statements_covered_display": "100"}, "missing_lines": [], "excluded_lines": [], "start_line": 1}}}, "backend/app/controllers/__init__.py": {"executed_lines": [4, 6], "summary": {"covered_lines": 2, "num_statements": 2, "percent_covered": 100.0, "percent_covered_display": "100", "missing_lines": 0, "excluded_lines": 0, "percent_statements_covered": 100.0, "percent_statements_covered_display": "100"}, "missing_lines": [], "excluded_lines": [], "functions": {"": {"executed_lines": [4, 6], "summary": {"covered_lines": 2, "num_statements": 2, "percent_covered": 100.0, "percent_covered_display": "100", "missing_lines": 0, "excluded_lines": 0, "percent_statements_covered": 100.0, "percent_statements_covered_display": "100"}, "missing_lines": [], "excluded_lines": [], "start_line": 1}}, "classes": {"": {"executed_lines": [4, 6], "summary": {"covered_lines": 2, "num_statements": 2, "percent_covered": 100.0, "percent_covered_display": "100", "missing_lines": 0, "excluded_lines": 0, "percent_statements_covered": 100.0, "percent_statements_covered_display": "100"}, "missing_lines": [], "excluded_lines": [], "start_line": 1}}}, "backend/app/controllers/account.py": {"executed_lines": [4, 6, 7, 9, 14, 15, 16, 17, 18, 19, 20, 21, 22, 23, 24, 26, 29, 35, 44, 47, 48, 53, 54, 68, 69, 75, 76, 90, 91, 97, 98, 99, 100, 101, 102, 103, 104, 105, 137, 138, 145, 146, 147, 148, 149, 150, 151, 152, 154, 155, 182, 183, 189, 190, 191], "summary": {"covered_lines": 55, "num_statements": 99, "percent_covered": 55.55555555555556, "percent_covered_display": "56", "missing_lines": 44, "excluded_lines": 0, "percent_statements_covered": 55.55555555555556, "percent_statements_covered_display": "56"}, "missing_lines": [56, 57, 58, 59, 60, 63, 65, 77, 78, 83, 84, 85, 87, 106, 107, 108, 109, 110, 114, 120, 121, 125, 127, 128, 129, 130, 131, 132, 133, 134, 156, 157, 163, 164, 166, 168, 169, 170, 171, 176, 177, 179, 192, 193], "excluded_lines": [], "functions": {"list_accounts": {"executed_lines": [53, 54], "summary": {"covered_lines": 2, "num_statements": 9, "percent_covered": 22.22222222222222, "percent_covered_display": "22", "missing_lines": 7, "excluded_lines": 0, "percent_statements_covered": 22.22222222222222, "percent_statements_covered_display": "22"}, "missing_lines": [56, 57, 58, 59, 60, 63, 65], "excluded_lines": [], "start_line": 48}, "get_account": {"executed_lines": [75, 76], "summary": {"covered_lines": 2, "num_statements": 8, "percent_covered": 25.0, "percent_covered_display": "25", "missing_lines": 6, "excluded_lines": 0, "percent_statements_covered": 25.0, "percent_statements_covered_display": "25"}, "missing_lines": [77, 78, 83, 84, 85, 87], "excluded_lines": [], "start_line": 69}, "create_account": {"executed_lines": [97, 98, 99, 100, 101, 102, 103, 104, 105], "summary": {"covered_lines": 9, "num_statements": 26, "percent_covered": 34.61538461538461, "percent_covered_display": "35", "missing_lines": 17, "excluded_lines": 0, "percent_statements_covered": 34.61538461538461, "percent_statements_covered_display": "35"}, "missing_lines": [106, 107, 108, 109, 110, 114, 120, 121, 125, 127, 128, 129, 130, 131, 132, 133, 134], "excluded_lines": [], "start_line": 91}, "update_account": {"executed_lines": [145, 146, 147, 148, 149, 150, 151, 152, 154, 155], "summary": {"covered_lines": 10, "num_statements": 22, "percent_covered": 45.45454545454545, "percent_covered_display": "45", "missing_lines": 12, "excluded_lines": 0, "percent_statements_covered": 45.45454545454545, "percent_statements_covered_display": "45"}, "missing_lines": [156, 157, 163, 164, 166, 168, 169, 170, 171, 176, 177, 179], "excluded_lines": [], "start_line": 138}, "delete_account": {"executed_lines": [189, 190, 191], "summary": {"covered_lines": 3, "num_statements": 5, "percent_covered": 60.0, "percent_covered_display": "60", "missing_lines": 2, "excluded_lines": 0, "percent_statements_covered": 60.0, "percent_statements_covered_display": "60"}, "missing_lines": [192, 193], "excluded_lines": [], "start_line": 183}, "": {"executed_lines": [4, 6, 7, 9, 14, 15, 16, 17, 18, 19, 20, 21, 22, 23, 24, 26, 29, 35, 44, 47, 48, 68, 69, 90, 91, 137, 138, 182, 183], "summary": {"covered_lines": 29, "num_statements": 29, "percent_covered": 100.0, "percent_covered_display": "100", "missing_lines": 0, "excluded_lines": 0, "percent_statements_covered": 100.0, "percent_statements_covered_display": "100"}, "missing_lines": [], "excluded_lines": [], "start_line": 1}}, "classes": {"": {"executed_lines": [4, 6, 7, 9, 14, 15, 16, 17, 18, 19, 20, 21, 22, 23, 24, 26, 29, 35, 44, 47, 48, 53, 54, 68, 69, 75, 76, 90, 91, 97, 98, 99, 100, 101, 102, 103, 104, 105, 137, 138, 145, 146, 147, 148, 149, 150, 151, 152, 154, 155, 182, 183, 189, 190, 191], "summary": {"covered_lines": 55, "num_statements": 99, "percent_covered": 55.55555555555556, "percent_covered_display": "56", "missing_lines": 44, "excluded_lines": 0, "percent_statements_covered": 55.55555555555556, "percent_statements_covered_display": "56"}, "missing_lines": [56, 57, 58, 59, 60, 63, 65, 77, 78, 83, 84, 85, 87, 106, 107, 108, 109, 110, 114, 120, 121, 125, 127, 128, 129, 130, 131, 132, 133, 134, 156, 157, 163, 164, 166, 168, 169, 170, 171, 176, 177, 179, 192, 193], "excluded_lines": [], "start_line": 1}}}, "backend/app/controllers/account_attributes_handler.py": {"executed_lines": [2, 3, 6, 16, 23, 24, 28, 35, 36, 37, 38, 44, 51, 52, 53, 54], "summary": {"covered_lines": 16, "num_statements": 19, "percent_covered": 84.21052631578948, "percent_covered_display": "84", "missing_lines": 3, "excluded_lines": 0, "percent_statements_covered": 84.21052631578948, "percent_statements_covered_display": "84"}, "missing_lines": [25, 39, 55], "excluded_lines": [], "functions": {"load_account_attributes": {"executed_lines": [23, 24], "summary": {"covered_lines": 2, "num_statements": 3, "percent_covered": 66.66666666666667, "percent_covered_display": "67", "missing_lines": 1, "excluded_lines": 0, "percent_statements_covered": 66.66666666666667, "percent_statements_covered_display": "67"}, "missing_lines": [25], "excluded_lines": [], "start_line": 16}, "save_account_attributes": {"executed_lines": [35, 36, 37, 38], "summary": {"covered_lines": 4, "num_statements": 5, "percent_covered": 80.0, "percent_covered_display": "80", "missing_lines": 1, "excluded_lines": 0, "percent_statements_covered": 80.0, "percent_statements_covered_display": "80"}, "missing_lines": [39], "excluded_lines": [], "start_line": 28}, "update_account_attributes": {"executed_lines": [51, 52, 53, 54], "summary": {"covered_lines": 4, "num_statements": 5, "percent_covered": 80.0, "percent_covered_display": "80", "missing_lines": 1, "excluded_lines": 0, "percent_statements_covered": 80.0, "percent_statements_covered_display": "80"}, "missing_lines": [55], "excluded_lines": [], "start_line": 44}, "": {"executed_lines": [2, 3, 6, 16, 28, 44], "summary": {"covered_lines": 6, "num_statements": 6, "percent_covered": 100.0, "percent_covered_display": "100", "missing_lines": 0, "excluded_lines": 0, "percent_statements_covered": 100.0, "percent_statements_covered_display": "100"}, "missing_lines": [], "excluded_lines": [], "start_line": 1}}, "classes": {"": {"executed_lines": [2, 3, 6, 16, 23, 24, 28, 35, 36, 37, 38, 44, 51, 52, 53, 54], "summary": {"covered_lines": 16, "num_statements": 19, "percent_covered": 84.21052631578948, "percent_covered_display": "84", "missing_lines": 3, "excluded_lines": 0, "percent_statements_covered": 84.21052631578948, "percent_statements_covered_display": "84"}, "missing_lines": [25, 39, 55], "excluded_lines": [], "start_line": 1}}}, "backend/app/controllers/account_dates.py": {"executed_lines": [4, 6, 7, 8, 10, 11, 12, 13, 14, 17, 20, 21, 24, 31, 32], "summary": {"covered_lines": 15, "num_statements": 32, "percent_covered": 46.875, "percent_covered_display": "47", "missing_lines": 17, "excluded_lines": 0, "percent_statements_covered": 46.875, "percent_statements_covered_display": "47"}, "missing_lines": [33, 34, 39, 41, 42, 43, 44, 45, 47, 51, 52, 53, 54, 55, 57, 61, 62], "excluded_lines": [], "functions": {"update_account_dates": {"executed_lines": [31, 32], "summary": {"covered_lines": 2, "num_statements": 19, "percent_covered": 10.526315789473685, "percent_covered_display": "11", "missing_lines": 17, "excluded_lines": 0, "percent_statements_covered": 10.526315789473685, "percent_statements_covered_display": "11"}, "missing_lines": [33, 34, 39, 41, 42, 43, 44, 45, 47, 51, 52, 53, 54, 55, 57, 61, 62], "excluded_lines": [], "start_line": 24}, "": {"executed_lines": [4, 6, 7, 8, 10, 11, 12, 13, 14, 17, 20, 21, 24], "summary": {"covered_lines": 13, "num_statements": 13, "percent_covered": 100.0, "percent_covered_display": "100", "missing_lines": 0, "excluded_lines": 0, "percent_statements_covered": 100.0, "percent_statements_covered_display": "100"}, "missing_lines": [], "excluded_lines": [], "start_line": 1}}, "classes": {"AccountDatesUpdate": {"executed_lines": [], "summary": {"covered_lines": 0, "num_statements": 0, "percent_covered": 100.0, "percent_covered_display": "100", "missing_lines": 0, "excluded_lines": 0, "percent_statements_covered": 100.0, "percent_statements_covered_display": "100"}, "missing_lines": [], "excluded_lines": [], "start_line": 17}, "": {"executed_lines": [4, 6, 7, 8, 10, 11, 12, 13, 14, 17, 20, 21, 24, 31, 32], "summary": {"covered_lines": 15, "num_statements": 32, "percent_covered": 46.875, "percent_covered_display": "47", "missing_lines": 17, "excluded_lines": 0, "percent_statements_covered": 46.875, "percent_statements_covered_display": "47"}, "missing_lines": [33, 34, 39, 41, 42, 43, 44, 45, 47, 51, 52, 53, 54, 55, 57, 61, 62], "excluded_lines": [], "start_line": 1}}}, "backend/app/controllers/account_events.py": {"executed_lines": [4, 5, 7, 8, 9, 10, 11, 12, 13, 16, 22, 23, 56, 60, 67, 68], "summary": {"covered_lines": 16, "num_statements": 34, "percent_covered": 47.05882352941177, "percent_covered_display": "47", "missing_lines": 18, "excluded_lines": 0, "percent_statements_covered": 47.05882352941177, "percent_statements_covered_display": "47"}, "missing_lines": [24, 25, 31, 32, 33, 38, 39, 40, 55, 57, 69, 70, 75, 76, 77, 78, 83, 89], "excluded_lines": [], "functions": {"list_account_events": {"executed_lines": [22, 23, 56], "summary": {"covered_lines": 3, "num_statements": 13, "percent_covered": 23.076923076923077, "percent_covered_display": "23", "missing_lines": 10, "excluded_lines": 0, "percent_statements_covered": 23.076923076923077, "percent_statements_covered_display": "23"}, "missing_lines": [24, 25, 31, 32, 33, 38, 39, 40, 55, 57], "excluded_lines": [], "start_line": 16}, "create_account_event": {"executed_lines": [67, 68], "summary": {"covered_lines": 2, "num_statements": 10, "percent_covered": 20.0, "percent_covered_display": "20", "missing_lines": 8, "excluded_lines": 0, "percent_statements_covered": 20.0, "percent_statements_covered_display": "20"}, "missing_lines": [69, 70, 75, 76, 77, 78, 83, 89], "excluded_lines": [], "start_line": 60}, "": {"executed_lines": [4, 5, 7, 8, 9, 10, 11, 12, 13, 16, 60], "summary": {"covered_lines": 11, "num_statements": 11, "percent_covered": 100.0, "percent_covered_display": "100", "missing_lines": 0, "excluded_lines": 0, "percent_statements_covered": 100.0, "percent_statements_covered_display": "100"}, "missing_lines": [], "excluded_lines": [], "start_line": 1}}, "classes": {"": {"executed_lines": [4, 5, 7, 8, 9, 10, 11, 12, 13, 16, 22, 23, 56, 60, 67, 68], "summary": {"covered_lines": 16, "num_statements": 34, "percent_covered": 47.05882352941177, "percent_covered_display": "47", "missing_lines": 18, "excluded_lines": 0, "percent_statements_covered": 47.05882352941177, "percent_statements_covered_display": "47"}, "missing_lines": [24, 25, 31, 32, 33, 38, 39, 40, 55, 57, 69, 70, 75, 76, 77, 78, 83, 89], "excluded_lines": [], "start_line": 1}}}, "backend/app/controllers/auth.py": {"executed_lines": [4, 6, 7, 9, 10, 11, 12, 13, 19, 20, 22, 25, 26, 43, 45, 46, 55, 56, 73, 75, 93, 94, 106], "summary": {"covered_lines": 23, "num_statements": 31, "percent_covered": 74.19354838709677, "percent_covered_display": "74", "missing_lines": 8, "excluded_lines": 0, "percent_statements_covered": 74.19354838709677, "percent_statements_covered_display": "74"}, "missing_lines": [47, 48, 49, 76, 77, 84, 85, 90], "excluded_lines": [], "functions": {"register_user": {"executed_lines": [43, 45, 46], "summary": {"covered_lines": 3, "num_statements": 6, "percent_covered": 50.0, "percent_covered_display": "50", "missing_lines": 3, "excluded_lines": 0, "percent_statements_covered": 50.0, "percent_statements_covered_display": "50"}, "missing_lines": [47, 48, 49], "excluded_lines": [], "start_line": 26}, "login_user": {"executed_lines": [73, 75], "summary": {"covered_lines": 2, "num_statements": 7, "percent_covered": 28.571428571428573, "percent_covered_display": "29", "missing_lines": 5, "excluded_lines": 0, "percent_statements_covered": 28.571428571428573, "percent_statements_covered_display": "29"}, "missing_lines": [76, 77, 84, 85, 90], "excluded_lines": [], "start_line": 56}, "get_me": {"executed_lines": [106], "summary": {"covered_lines": 1, "num_statements": 1, "percent_covered": 100.0, "percent_covered_display": "100", "missing_lines": 0, "excluded_lines": 0, "percent_statements_covered": 100.0, "percent_statements_covered_display": "100"}, "missing_lines": [], "excluded_lines": [], "start_line": 94}, "": {"executed_lines": [4, 6, 7, 9, 10, 11, 12, 13, 19, 20, 22, 25, 26, 55, 56, 93, 94], "summary": {"covered_lines": 17, "num_statements": 17, "percent_covered": 100.0, "percent_covered_display": "100", "missing_lines": 0, "excluded_lines": 0, "percent_statements_covered": 100.0, "percent_statements_covered_display": "100"}, "missing_lines": [], "excluded_lines": [], "start_line": 1}}, "classes": {"": {"executed_lines": [4, 6, 7, 9, 10, 11, 12, 13, 19, 20, 22, 25, 26, 43, 45, 46, 55, 56, 73, 75, 93, 94, 106], "summary": {"covered_lines": 23, "num_statements": 31, "percent_covered": 74.19354838709677, "percent_covered_display": "74", "missing_lines": 8, "excluded_lines": 0, "percent_statements_covered": 74.19354838709677, "percent_statements_covered_display": "74"}, "missing_lines": [47, 48, 49, 76, 77, 84, 85, 90], "excluded_lines": [], "start_line": 1}}}, "backend/app/controllers/dependencies.py": {"executed_lines": [4, 6, 7, 9, 10, 11, 12, 15, 30, 32, 33, 40, 41, 42, 48, 49, 51, 52, 58, 61, 78, 79, 80, 85, 86, 87, 88, 89, 90, 94, 95, 96], "summary": {"covered_lines": 32, "num_statements": 32, "percent_covered": 100.0, "percent_covered_display": "100", "missing_lines": 0, "excluded_lines": 0, "percent_statements_covered": 100.0, "percent_statements_covered_display": "100"}, "missing_lines": [], "excluded_lines": [], "functions": {"get_current_user_from_token": {"executed_lines": [30, 32, 33, 40, 41, 42, 48, 49, 51, 52, 58], "summary": {"covered_lines": 11, "num_statements": 11, "percent_covered": 100.0, "percent_covered_display": "100", "missing_lines": 0, "excluded_lines": 0, "percent_statements_covered": 100.0, "percent_statements_covered_display": "100"}, "missing_lines": [], "excluded_lines": [], "start_line": 15}, "get_current_user": {"executed_lines": [78, 79, 80, 85, 86, 87, 88, 89, 90, 94, 95, 96], "summary": {"covered_lines": 12, "num_statements": 12, "percent_covered": 100.0, "percent_covered_display": "100", "missing_lines": 0, "excluded_lines": 0, "percent_statements_covered": 100.0, "percent_statements_covered_display": "100"}, "missing_lines": [], "excluded_lines": [], "start_line": 61}, "": {"executed_lines": [4, 6, 7, 9, 10, 11, 12, 15, 61], "summary": {"covered_lines": 9, "num_statements": 9, "percent_covered": 100.0, "percent_covered_display": "100", "missing_lines": 0, "excluded_lines": 0, "percent_statements_covered": 100.0, "percent_statements_covered_display": "100"}, "missing_lines": [], "excluded_lines": [], "start_line": 1}}, "classes": {"": {"executed_lines": [4, 6, 7, 9, 10, 11, 12, 15, 30, 32, 33, 40, 41, 42, 48, 49, 51, 52, 58, 61, 78, 79, 80, 85, 86, 87, 88, 89, 90, 94, 95, 96], "summary": {"covered_lines": 32, "num_statements": 32, "percent_covered": 100.0, "percent_covered_display": "100", "missing_lines": 0, "excluded_lines": 0, "percent_statements_covered": 100.0, "percent_statements_covered_display": "100"}, "missing_lines": [], "excluded_lines": [], "start_line": 1}}}, "backend/app/controllers/institution.py": {"executed_lines": [4, 5, 7, 8, 9, 10, 11, 12, 13, 14, 16, 19, 20, 25, 26, 27, 41, 42, 48, 49, 50, 64, 65, 72, 73, 74, 75, 76, 77, 104, 105, 112, 113, 114, 115, 145, 146, 152, 153, 154], "summary": {"covered_lines": 40, "num_statements": 86, "percent_covered": 46.51162790697674, "percent_covered_display": "47", "missing_lines": 46, "excluded_lines": 0, "percent_statements_covered": 46.51162790697674, "percent_statements_covered_display": "47"}, "missing_lines": [29, 30, 31, 33, 34, 35, 36, 38, 51, 52, 56, 58, 59, 60, 61, 78, 79, 80, 81, 82, 86, 92, 93, 94, 96, 98, 99, 100, 101, 116, 117, 123, 124, 125, 127, 130, 131, 132, 133, 137, 139, 140, 141, 142, 155, 156], "excluded_lines": [], "functions": {"list_institutions": {"executed_lines": [25, 26, 27], "summary": {"covered_lines": 3, "num_statements": 11, "percent_covered": 27.272727272727273, "percent_covered_display": "27", "missing_lines": 8, "excluded_lines": 0, "percent_statements_covered": 27.272727272727273, "percent_statements_covered_display": "27"}, "missing_lines": [29, 30, 31, 33, 34, 35, 36, 38], "excluded_lines": [], "start_line": 20}, "get_institution": {"executed_lines": [48, 49, 50], "summary": {"covered_lines": 3, "num_statements": 10, "percent_covered": 30.0, "percent_covered_display": "30", "missing_lines": 7, "excluded_lines": 0, "percent_statements_covered": 30.0, "percent_statements_covered_display": "30"}, "missing_lines": [51, 52, 56, 58, 59, 60, 61], "excluded_lines": [], "start_line": 42}, "create_institution": {"executed_lines": [72, 73, 74, 75, 76, 77], "summary": {"covered_lines": 6, "num_statements": 20, "percent_covered": 30.0, "percent_covered_display": "30", "missing_lines": 14, "excluded_lines": 0, "percent_statements_covered": 30.0, "percent_statements_covered_display": "30"}, "missing_lines": [78, 79, 80, 81, 82, 86, 92, 93, 94, 96, 98, 99, 100, 101], "excluded_lines": [], "start_line": 65}, "update_institution": {"executed_lines": [112, 113, 114, 115], "summary": {"covered_lines": 4, "num_statements": 19, "percent_covered": 21.05263157894737, "percent_covered_display": "21", "missing_lines": 15, "excluded_lines": 0, "percent_statements_covered": 21.05263157894737, "percent_statements_covered_display": "21"}, "missing_lines": [116, 117, 123, 124, 125, 127, 130, 131, 132, 133, 137, 139, 140, 141, 142], "excluded_lines": [], "start_line": 105}, "delete_institution": {"executed_lines": [152, 153, 154], "summary": {"covered_lines": 3, "num_statements": 5, "percent_covered": 60.0, "percent_covered_display": "60", "missing_lines": 2, "excluded_lines": 0, "percent_statements_covered": 60.0, "percent_statements_covered_display": "60"}, "missing_lines": [155, 156], "excluded_lines": [], "start_line": 146}, "": {"executed_lines": [4, 5, 7, 8, 9, 10, 11, 12, 13, 14, 16, 19, 20, 41, 42, 64, 65, 104, 105, 145, 146], "summary": {"covered_lines": 21, "num_statements": 21, "percent_covered": 100.0, "percent_covered_display": "100", "missing_lines": 0, "excluded_lines": 0, "percent_statements_covered": 100.0, "percent_statements_covered_display": "100"}, "missing_lines": [], "excluded_lines": [], "start_line": 1}}, "classes": {"": {"executed_lines": [4, 5, 7, 8, 9, 10, 11, 12, 13, 14, 16, 19, 20, 25, 26, 27, 41, 42, 48, 49, 50, 64, 65, 72, 73, 74, 75, 76, 77, 104, 105, 112, 113, 114, 115, 145, 146, 152, 153, 154], "summary": {"covered_lines": 40, "num_statements": 86, "percent_covered": 46.51162790697674, "percent_covered_display": "47", "missing_lines": 46, "excluded_lines": 0, "percent_statements_covered": 46.51162790697674, "percent_statements_covered_display": "47"}, "missing_lines": [29, 30, 31, 33, 34, 35, 36, 38, 51, 52, 56, 58, 59, 60, 61, 78, 79, 80, 81, 82, 86, 92, 93, 94, 96, 98, 99, 100, 101, 116, 117, 123, 124, 125, 127, 130, 131, 132, 133, 137, 139, 140, 141, 142, 155, 156], "excluded_lines": [], "start_line": 1}}}, "backend/app/controllers/institution_security_credentials.py": {"executed_lines": [4, 5, 7, 8, 9, 10, 15, 19, 25, 26, 27, 28, 29, 32, 33, 38, 39, 46, 51, 57, 58, 59, 65, 69, 76, 77, 78, 84, 85, 91, 92, 93], "summary": {"covered_lines": 32, "num_statements": 42, "percent_covered": 76.19047619047619, "percent_covered_display": "76", "missing_lines": 10, "excluded_lines": 0, "percent_statements_covered": 76.19047619047619, "percent_statements_covered_display": "76"}, "missing_lines": [40, 60, 61, 62, 79, 80, 81, 94, 95, 96], "excluded_lines": [], "functions": {"_handle_service_error": {"executed_lines": [26, 27, 28, 29], "summary": {"covered_lines": 4, "num_statements": 4, "percent_covered": 100.0, "percent_covered_display": "100", "missing_lines": 0, "excluded_lines": 0, "percent_statements_covered": 100.0, "percent_statements_covered_display": "100"}, "missing_lines": [], "excluded_lines": [], "start_line": 25}, "list_institution_credentials": {"executed_lines": [38, 39], "summary": {"covered_lines": 2, "num_statements": 3, "percent_covered": 66.66666666666667, "percent_covered_display": "67", "missing_lines": 1, "excluded_lines": 0, "percent_statements_covered": 66.66666666666667, "percent_statements_covered_display": "67"}, "missing_lines": [40], "excluded_lines": [], "start_line": 33}, "create_institution_credential": {"executed_lines": [57, 58, 59], "summary": {"covered_lines": 3, "num_statements": 6, "percent_covered": 50.0, "percent_covered_display": "50", "missing_lines": 3, "excluded_lines": 0, "percent_statements_covered": 50.0, "percent_statements_covered_display": "50"}, "missing_lines": [60, 61, 62], "excluded_lines": [], "start_line": 51}, "update_institution_credential": {"executed_lines": [76, 77, 78], "summary": {"covered_lines": 3, "num_statements": 6, "percent_covered": 50.0, "percent_covered_display": "50", "missing_lines": 3, "excluded_lines": 0, "percent_statements_covered": 50.0, "percent_statements_covered_display": "50"}, "missing_lines": [79, 80, 81], "excluded_lines": [], "start_line": 69}, "delete_institution_credential": {"executed_lines": [91, 92, 93], "summary": {"covered_lines": 3, "num_statements": 6, "percent_covered": 50.0, "percent_covered_display": "50", "missing_lines": 3, "excluded_lines": 0, "percent_statements_covered": 50.0, "percent_statements_covered_display": "50"}, "missing_lines": [94, 95, 96], "excluded_lines": [], "start_line": 85}, "": {"executed_lines": [4, 5, 7, 8, 9, 10, 15, 19, 25, 32, 33, 46, 51, 65, 69, 84, 85], "summary": {"covered_lines": 17, "num_statements": 17, "percent_covered": 100.0, "percent_covered_display": "100", "missing_lines": 0, "excluded_lines": 0, "percent_statements_covered": 100.0, "percent_statements_covered_display": "100"}, "missing_lines": [], "excluded_lines": [], "start_line": 1}}, "classes": {"": {"executed_lines": [4, 5, 7, 8, 9, 10, 15, 19, 25, 26, 27, 28, 29, 32, 33, 38, 39, 46, 51, 57, 58, 59, 65, 69, 76, 77, 78, 84, 85, 91, 92, 93], "summary": {"covered_lines": 32, "num_statements": 42, "percent_covered": 76.19047619047619, "percent_covered_display": "76", "missing_lines": 10, "excluded_lines": 0, "percent_statements_covered": 76.19047619047619, "percent_statements_covered_display": "76"}, "missing_lines": [40, 60, 61, 62, 79, 80, 81, 94, 95, 96], "excluded_lines": [], "start_line": 1}}}, "backend/app/controllers/portfolio.py": {"executed_lines": [4, 6, 7, 9, 10, 11, 12, 13, 15, 18, 19, 29, 30], "summary": {"covered_lines": 13, "num_statements": 26, "percent_covered": 50.0, "percent_covered_display": "50", "missing_lines": 13, "excluded_lines": 0, "percent_statements_covered": 50.0, "percent_statements_covered_display": "50"}, "missing_lines": [31, 32, 33, 34, 35, 36, 37, 38, 39, 40, 41, 42, 43], "excluded_lines": [], "functions": {"get_user_portfolio": {"executed_lines": [29, 30], "summary": {"covered_lines": 2, "num_statements": 15, "percent_covered": 13.333333333333334, "percent_covered_display": "13", "missing_lines": 13, "excluded_lines": 0, "percent_statements_covered": 13.333333333333334, "percent_statements_covered_display": "13"}, "missing_lines": [31, 32, 33, 34, 35, 36, 37, 38, 39, 40, 41, 42, 43], "excluded_lines": [], "start_line": 19}, "": {"executed_lines": [4, 6, 7, 9, 10, 11, 12, 13, 15, 18, 19], "summary": {"covered_lines": 11, "num_statements": 11, "percent_covered": 100.0, "percent_covered_display": "100", "missing_lines": 0, "excluded_lines": 0, "percent_statements_covered": 100.0, "percent_statements_covered_display": "100"}, "missing_lines": [], "excluded_lines": [], "start_line": 1}}, "classes": {"": {"executed_lines": [4, 6, 7, 9, 10, 11, 12, 13, 15, 18, 19, 29, 30], "summary": {"covered_lines": 13, "num_statements": 26, "percent_covered": 50.0, "percent_covered_display": "50", "missing_lines": 13, "excluded_lines": 0, "percent_statements_covered": 50.0, "percent_statements_covered_display": "50"}, "missing_lines": [31, 32, 33, 34, 35, 36, 37, 38, 39, 40, 41, 42, 43], "excluded_lines": [], "start_line": 1}}}, "backend/app/controllers/reference_data.py": {"executed_lines": [2, 3, 4, 6, 7, 8, 9, 10, 11, 12, 13, 14, 16, 19, 29, 31, 33, 34, 43, 44, 49, 53, 54, 58, 67, 68, 73, 78, 79, 80, 96, 97, 103, 104, 110, 111, 112, 113, 115, 116, 117, 133, 134, 139, 140, 147], "summary": {"covered_lines": 46, "num_statements": 76, "percent_covered": 60.526315789473685, "percent_covered_display": "61", "missing_lines": 30, "excluded_lines": 0, "percent_statements_covered": 60.526315789473685, "percent_statements_covered_display": "61"}, "missing_lines": [37, 38, 40, 50, 63, 64, 81, 82, 83, 84, 85, 89, 93, 105, 118, 119, 120, 121, 122, 126, 130, 141, 148, 149, 154, 155, 156, 157, 158, 159], "excluded_lines": [], "functions": {"get_reference_usage": {"executed_lines": [31, 33, 34], "summary": {"covered_lines": 3, "num_statements": 6, "percent_covered": 50.0, "percent_covered_display": "50", "missing_lines": 3, "excluded_lines": 0, "percent_statements_covered": 50.0, "percent_statements_covered_display": "50"}, "missing_lines": [37, 38, 40], "excluded_lines": [], "start_line": 29}, "list_reference_data": {"executed_lines": [49], "summary": {"covered_lines": 1, "num_statements": 2, "percent_covered": 50.0, "percent_covered_display": "50", "missing_lines": 1, "excluded_lines": 0, "percent_statements_covered": 50.0, "percent_statements_covered_display": "50"}, "missing_lines": [50], "excluded_lines": [], "start_line": 44}, "list_all_reference_data": {"executed_lines": [58], "summary": {"covered_lines": 1, "num_statements": 3, "percent_covered": 33.333333333333336, "percent_covered_display": "33", "missing_lines": 2, "excluded_lines": 0, "percent_statements_covered": 33.333333333333336, "percent_statements_covered_display": "33"}, "missing_lines": [63, 64], "excluded_lines": [], "start_line": 54}, "create_reference_data": {"executed_lines": [73, 78, 79, 80], "summary": {"covered_lines": 4, "num_statements": 11, "percent_covered": 36.36363636363637, "percent_covered_display": "36", "missing_lines": 7, "excluded_lines": 0, "percent_statements_covered": 36.36363636363637, "percent_statements_covered_display": "36"}, "missing_lines": [81, 82, 83, 84, 85, 89, 93], "excluded_lines": [], "start_line": 68}, "update_reference_data": {"executed_lines": [103, 104, 110, 111, 112, 113, 115, 116, 117], "summary": {"covered_lines": 9, "num_statements": 17, "percent_covered": 52.94117647058823, "percent_covered_display": "53", "missing_lines": 8, "excluded_lines": 0, "percent_statements_covered": 52.94117647058823, "percent_statements_covered_display": "53"}, "missing_lines": [105, 118, 119, 120, 121, 122, 126, 130], "excluded_lines": [], "start_line": 97}, "delete_reference_data": {"executed_lines": [139, 140, 147], "summary": {"covered_lines": 3, "num_statements": 12, "percent_covered": 25.0, "percent_covered_display": "25", "missing_lines": 9, "excluded_lines": 0, "percent_statements_covered": 25.0, "percent_statements_covered_display": "25"}, "missing_lines": [141, 148, 149, 154, 155, 156, 157, 158, 159], "excluded_lines": [], "start_line": 134}, "": {"executed_lines": [2, 3, 4, 6, 7, 8, 9, 10, 11, 12, 13, 14, 16, 19, 29, 43, 44, 53, 54, 67, 68, 96, 97, 133, 134], "summary": {"covered_lines": 25, "num_statements": 25, "percent_covered": 100.0, "percent_covered_display": "100", "missing_lines": 0, "excluded_lines": 0, "percent_statements_covered": 100.0, "percent_statements_covered_display": "100"}, "missing_lines": [], "excluded_lines": [], "start_line": 1}}, "classes": {"": {"executed_lines": [2, 3, 4, 6, 7, 8, 9, 10, 11, 12, 13, 14, 16, 19, 29, 31, 33, 34, 43, 44, 49, 53, 54, 58, 67, 68, 73, 78, 79, 80, 96, 97, 103, 104, 110, 111, 112, 113, 115, 116, 117, 133, 134, 139, 140, 147], "summary": {"covered_lines": 46, "num_statements": 76, "percent_covered": 60.526315789473685, "percent_covered_display": "61", "missing_lines": 30, "excluded_lines": 0, "percent_statements_covered": 60.526315789473685, "percent_statements_covered_display": "61"}, "missing_lines": [37, 38, 40, 50, 63, 64, 81, 82, 83, 84, 85, 89, 93, 105, 118, 119, 120, 121, 122, 126, 130, 141, 148, 149, 154, 155, 156, 157, 158, 159], "excluded_lines": [], "start_line": 1}}}, "backend/app/database.py": {"executed_lines": [4, 6, 7, 9, 12, 19, 26, 29, 35, 36, 37, 38, 39, 40, 41, 43], "summary": {"covered_lines": 16, "num_statements": 16, "percent_covered": 100.0, "percent_covered_display": "100", "missing_lines": 0, "excluded_lines": 0, "percent_statements_covered": 100.0, "percent_statements_covered_display": "100"}, "missing_lines": [], "excluded_lines": [], "functions": {"get_db": {"executed_lines": [35, 36, 37, 38, 39, 40, 41, 43], "summary": {"covered_lines": 8, "num_statements": 8, "percent_covered": 100.0, "percent_covered_display": "100", "missing_lines": 0, "excluded_lines": 0, "percent_statements_covered": 100.0, "percent_statements_covered_display": "100"}, "missing_lines": [], "excluded_lines": [], "start_line": 29}, "": {"executed_lines": [4, 6, 7, 9, 12, 19, 26, 29], "summary": {"covered_lines": 8, "num_statements": 8, "percent_covered": 100.0, "percent_covered_display": "100", "missing_lines": 0, "excluded_lines": 0, "percent_statements_covered": 100.0, "percent_statements_covered_display": "100"}, "missing_lines": [], "excluded_lines": [], "start_line": 1}}, "classes": {"": {"executed_lines": [4, 6, 7, 9, 12, 19, 26, 29, 35, 36, 37, 38, 39, 40, 41, 43], "summary": {"covered_lines": 16, "num_statements": 16, "percent_covered": 100.0, "percent_covered_display": "100", "missing_lines": 0, "excluded_lines": 0, "percent_statements_covered": 100.0, "percent_statements_covered_display": "100"}, "missing_lines": [], "excluded_lines": [], "start_line": 1}}}, "backend/app/main.py": {"executed_lines": [4, 5, 7, 8, 10, 11, 12, 13, 14, 17, 18, 19, 22, 23, 36, 44, 48, 49, 58, 67, 68, 69, 70, 71, 72, 75, 76, 78, 81, 82, 84], "summary": {"covered_lines": 31, "num_statements": 33, "percent_covered": 93.93939393939394, "percent_covered_display": "94", "missing_lines": 2, "excluded_lines": 0, "percent_statements_covered": 93.93939393939394, "percent_statements_covered_display": "94"}, "missing_lines": [29, 32], "excluded_lines": [], "functions": {"lifespan": {"executed_lines": [], "summary": {"covered_lines": 0, "num_statements": 2, "percent_covered": 0.0, "percent_covered_display": "0", "missing_lines": 2, "excluded_lines": 0, "percent_statements_covered": 0.0, "percent_statements_covered_display": "0"}, "missing_lines": [29, 32], "excluded_lines": [], "start_line": 23}, "root": {"executed_lines": [78], "summary": {"covered_lines": 1, "num_statements": 1, "percent_covered": 100.0, "percent_covered_display": "100", "missing_lines": 0, "excluded_lines": 0, "percent_statements_covered": 100.0, "percent_statements_covered_display": "100"}, "missing_lines": [], "excluded_lines": [], "start_line": 76}, "health_check": {"executed_lines": [84], "summary": {"covered_lines": 1, "num_statements": 1, "percent_covered": 100.0, "percent_covered_display": "100", "missing_lines": 0, "excluded_lines": 0, "percent_statements_covered": 100.0, "percent_statements_covered_display": "100"}, "missing_lines": [], "excluded_lines": [], "start_line": 82}, "": {"executed_lines": [4, 5, 7, 8, 10, 11, 12, 13, 14, 17, 18, 19, 22, 23, 36, 44, 48, 49, 58, 67, 68, 69, 70, 71, 72, 75, 76, 81, 82], "summary": {"covered_lines": 29, "num_statements": 29, "percent_covered": 100.0, "percent_covered_display": "100", "missing_lines": 0, "excluded_lines": 0, "percent_statements_covered": 100.0, "percent_statements_covered_display": "100"}, "missing_lines": [], "excluded_lines": [], "start_line": 1}}, "classes": {"": {"executed_lines": [4, 5, 7, 8, 10, 11, 12, 13, 14, 17, 18, 19, 22, 23, 36, 44, 48, 49, 58, 67, 68, 69, 70, 71, 72, 75, 76, 78, 81, 82, 84], "summary": {"covered_lines": 31, "num_statements": 33, "percent_covered": 93.93939393939394, "percent_covered_display": "94", "missing_lines": 2, "excluded_lines": 0, "percent_statements_covered": 93.93939393939394, "percent_statements_covered_display": "94"}, "missing_lines": [29, 32], "excluded_lines": [], "start_line": 1}}}, "backend/app/models/__init__.py": {"executed_lines": [4, 5, 6, 7, 8, 9, 10, 11, 13], "summary": {"covered_lines": 9, "num_statements": 9, "percent_covered": 100.0, "percent_covered_display": "100", "missing_lines": 0, "excluded_lines": 0, "percent_statements_covered": 100.0, "percent_statements_covered_display": "100"}, "missing_lines": [], "excluded_lines": [], "functions": {"": {"executed_lines": [4, 5, 6, 7, 8, 9, 10, 11, 13], "summary": {"covered_lines": 9, "num_statements": 9, "percent_covered": 100.0, "percent_covered_display": "100", "missing_lines": 0, "excluded_lines": 0, "percent_statements_covered": 100.0, "percent_statements_covered_display": "100"}, "missing_lines": [], "excluded_lines": [], "start_line": 1}}, "classes": {"": {"executed_lines": [4, 5, 6, 7, 8, 9, 10, 11, 13], "summary": {"covered_lines": 9, "num_statements": 9, "percent_covered": 100.0, "percent_covered_display": "100", "missing_lines": 0, "excluded_lines": 0, "percent_statements_covered": 100.0, "percent_statements_covered_display": "100"}, "missing_lines": [], "excluded_lines": [], "start_line": 1}}}, "backend/app/models/account.py": {"executed_lines": [4, 5, 7, 8, 10, 16, 19, 21, 22, 25, 28, 29, 32, 35, 38, 43, 47], "summary": {"covered_lines": 17, "num_statements": 18, "percent_covered": 94.44444444444444, "percent_covered_display": "94", "missing_lines": 1, "excluded_lines": 2, "percent_statements_covered": 94.44444444444444, "percent_statements_covered_display": "94"}, "missing_lines": [48], "excluded_lines": [12, 13], "functions": {"Account.__repr__": {"executed_lines": [], "summary": {"covered_lines": 0, "num_statements": 1, "percent_covered": 0.0, "percent_covered_display": "0", "missing_lines": 1, "excluded_lines": 0, "percent_statements_covered": 0.0, "percent_statements_covered_display": "0"}, "missing_lines": [48], "excluded_lines": [], "start_line": 47}, "": {"executed_lines": [4, 5, 7, 8, 10, 16, 19, 21, 22, 25, 28, 29, 32, 35, 38, 43, 47], "summary": {"covered_lines": 17, "num_statements": 17, "percent_covered": 100.0, "percent_covered_display": "100", "missing_lines": 0, "excluded_lines": 2, "percent_statements_covered": 100.0, "percent_statements_covered_display": "100"}, "missing_lines": [], "excluded_lines": [12, 13], "start_line": 1}}, "classes": {"Account": {"executed_lines": [], "summary": {"covered_lines": 0, "num_statements": 1, "percent_covered": 0.0, "percent_covered_display": "0", "missing_lines": 1, "excluded_lines": 0, "percent_statements_covered": 0.0, "percent_statements_covered_display": "0"}, "missing_lines": [48], "excluded_lines": [], "start_line": 16}, "": {"executed_lines": [4, 5, 7, 8, 10, 16, 19, 21, 22, 25, 28, 29, 32, 35, 38, 43, 47], "summary": {"covered_lines": 17, "num_statements": 17, "percent_covered": 100.0, "percent_covered_display": "100", "missing_lines": 0, "excluded_lines": 2, "percent_statements_covered": 100.0, "percent_statements_covered_display": "100"}, "missing_lines": [], "excluded_lines": [12, 13], "start_line": 1}}}, "backend/app/models/account_attribute.py": {"executed_lines": [4, 5, 7, 8, 10, 13, 16, 18, 19, 22, 25, 28, 29, 32, 36], "summary": {"covered_lines": 15, "num_statements": 16, "percent_covered": 93.75, "percent_covered_display": "94", "missing_lines": 1, "excluded_lines": 0, "percent_statements_covered": 93.75, "percent_statements_covered_display": "94"}, "missing_lines": [37], "excluded_lines": [], "functions": {"AccountAttribute.__repr__": {"executed_lines": [], "summary": {"covered_lines": 0, "num_statements": 1, "percent_covered": 0.0, "percent_covered_display": "0", "missing_lines": 1, "excluded_lines": 0, "percent_statements_covered": 0.0, "percent_statements_covered_display": "0"}, "missing_lines": [37], "excluded_lines": [], "start_line": 36}, "": {"executed_lines": [4, 5, 7, 8, 10, 13, 16, 18, 19, 22, 25, 28, 29, 32, 36], "summary": {"covered_lines": 15, "num_statements": 15, "percent_covered": 100.0, "percent_covered_display": "100", "missing_lines": 0, "excluded_lines": 0, "percent_statements_covered": 100.0, "percent_statements_covered_display": "100"}, "missing_lines": [], "excluded_lines": [], "start_line": 1}}, "classes": {"AccountAttribute": {"executed_lines": [], "summary": {"covered_lines": 0, "num_statements": 1, "percent_covered": 0.0, "percent_covered_display": "0", "missing_lines": 1, "excluded_lines": 0, "percent_statements_covered": 0.0, "percent_statements_covered_display": "0"}, "missing_lines": [37], "excluded_lines": [], "start_line": 13}, "": {"executed_lines": [4, 5, 7, 8, 10, 13, 16, 18, 19, 22, 25, 28, 29, 32, 36], "summary": {"covered_lines": 15, "num_statements": 15, "percent_covered": 100.0, "percent_covered_display": "100", "missing_lines": 0, "excluded_lines": 0, "percent_statements_covered": 100.0, "percent_statements_covered_display": "100"}, "missing_lines": [], "excluded_lines": [], "start_line": 1}}}, "backend/app/models/account_event.py": {"executed_lines": [4, 5, 7, 8, 10, 13, 16, 18, 19, 22, 25, 28, 29, 32, 36], "summary": {"covered_lines": 15, "num_statements": 16, "percent_covered": 93.75, "percent_covered_display": "94", "missing_lines": 1, "excluded_lines": 0, "percent_statements_covered": 93.75, "percent_statements_covered_display": "94"}, "missing_lines": [37], "excluded_lines": [], "functions": {"AccountEvent.__repr__": {"executed_lines": [], "summary": {"covered_lines": 0, "num_statements": 1, "percent_covered": 0.0, "percent_covered_display": "0", "missing_lines": 1, "excluded_lines": 0, "percent_statements_covered": 0.0, "percent_statements_covered_display": "0"}, "missing_lines": [37], "excluded_lines": [], "start_line": 36}, "": {"executed_lines": [4, 5, 7, 8, 10, 13, 16, 18, 19, 22, 25, 28, 29, 32, 36], "summary": {"covered_lines": 15, "num_statements": 15, "percent_covered": 100.0, "percent_covered_display": "100", "missing_lines": 0, "excluded_lines": 0, "percent_statements_covered": 100.0, "percent_statements_covered_display": "100"}, "missing_lines": [], "excluded_lines": [], "start_line": 1}}, "classes": {"AccountEvent": {"executed_lines": [], "summary": {"covered_lines": 0, "num_statements": 1, "percent_covered": 0.0, "percent_covered_display": "0", "missing_lines": 1, "excluded_lines": 0, "percent_statements_covered": 0.0, "percent_statements_covered_display": "0"}, "missing_lines": [37], "excluded_lines": [], "start_line": 13}, "": {"executed_lines": [4, 5, 7, 8, 10, 13, 16, 18, 19, 22, 25, 28, 29, 32, 36], "summary": {"covered_lines": 15, "num_statements": 15, "percent_covered": 100.0, "percent_covered_display": "100", "missing_lines": 0, "excluded_lines": 0, "percent_statements_covered": 100.0, "percent_statements_covered_display": "100"}, "missing_lines": [], "excluded_lines": [], "start_line": 1}}}, "backend/app/models/institution.py": {"executed_lines": [4, 6, 7, 9, 12, 15, 17, 18, 21, 22, 25, 29], "summary": {"covered_lines": 12, "num_statements": 13, "percent_covered": 92.3076923076923, "percent_covered_display": "92", "missing_lines": 1, "excluded_lines": 0, "percent_statements_covered": 92.3076923076923, "percent_statements_covered_display": "92"}, "missing_lines": [30], "excluded_lines": [], "functions": {"Institution.__repr__": {"executed_lines": [], "summary": {"covered_lines": 0, "num_statements": 1, "percent_covered": 0.0, "percent_covered_display": "0", "missing_lines": 1, "excluded_lines": 0, "percent_statements_covered": 0.0, "percent_statements_covered_display": "0"}, "missing_lines": [30], "excluded_lines": [], "start_line": 29}, "": {"executed_lines": [4, 6, 7, 9, 12, 15, 17, 18, 21, 22, 25, 29], "summary": {"covered_lines": 12, "num_statements": 12, "percent_covered": 100.0, "percent_covered_display": "100", "missing_lines": 0, "excluded_lines": 0, "percent_statements_covered": 100.0, "percent_statements_covered_display": "100"}, "missing_lines": [], "excluded_lines": [], "start_line": 1}}, "classes": {"Institution": {"executed_lines": [], "summary": {"covered_lines": 0, "num_statements": 1, "percent_covered": 0.0, "percent_covered_display": "0", "missing_lines": 1, "excluded_lines": 0, "percent_statements_covered": 0.0, "percent_statements_covered_display": "0"}, "missing_lines": [30], "excluded_lines": [], "start_line": 12}, "": {"executed_lines": [4, 6, 7, 9, 12, 15, 17, 18, 21, 22, 25, 29], "summary": {"covered_lines": 12, "num_statements": 12, "percent_covered": 100.0, "percent_covered_display": "100", "missing_lines": 0, "excluded_lines": 0, "percent_statements_covered": 100.0, "percent_statements_covered_display": "100"}, "missing_lines": [], "excluded_lines": [], "start_line": 1}}}, "backend/app/models/institution_group.py": {"executed_lines": [4, 6, 7, 9, 12, 15, 17, 18, 21, 24, 27, 30, 34], "summary": {"covered_lines": 13, "num_statements": 14, "percent_covered": 92.85714285714286, "percent_covered_display": "93", "missing_lines": 1, "excluded_lines": 0, "percent_statements_covered": 92.85714285714286, "percent_statements_covered_display": "93"}, "missing_lines": [35], "excluded_lines": [], "functions": {"InstitutionGroup.__repr__": {"executed_lines": [], "summary": {"covered_lines": 0, "num_statements": 1, "percent_covered": 0.0, "percent_covered_display": "0", "missing_lines": 1, "excluded_lines": 0, "percent_statements_covered": 0.0, "percent_statements_covered_display": "0"}, "missing_lines": [35], "excluded_lines": [], "start_line": 34}, "": {"executed_lines": [4, 6, 7, 9, 12, 15, 17, 18, 21, 24, 27, 30, 34], "summary": {"covered_lines": 13, "num_statements": 13, "percent_covered": 100.0, "percent_covered_display": "100", "missing_lines": 0, "excluded_lines": 0, "percent_statements_covered": 100.0, "percent_statements_covered_display": "100"}, "missing_lines": [], "excluded_lines": [], "start_line": 1}}, "classes": {"InstitutionGroup": {"executed_lines": [], "summary": {"covered_lines": 0, "num_statements": 1, "percent_covered": 0.0, "percent_covered_display": "0", "missing_lines": 1, "excluded_lines": 0, "percent_statements_covered": 0.0, "percent_statements_covered_display": "0"}, "missing_lines": [35], "excluded_lines": [], "start_line": 12}, "": {"executed_lines": [4, 6, 7, 9, 12, 15, 17, 18, 21, 24, 27, 30, 34], "summary": {"covered_lines": 13, "num_statements": 13, "percent_covered": 100.0, "percent_covered_display": "100", "missing_lines": 0, "excluded_lines": 0, "percent_statements_covered": 100.0, "percent_statements_covered_display": "100"}, "missing_lines": [], "excluded_lines": [], "start_line": 1}}}, "backend/app/models/institution_security_credentials.py": {"executed_lines": [4, 5, 7, 8, 10, 11, 14, 17, 19, 20, 23, 26, 29, 32, 35, 38, 42, 43, 45, 46, 49, 50, 52, 53, 57, 58, 60, 61, 64, 65, 67, 68, 72], "summary": {"covered_lines": 33, "num_statements": 39, "percent_covered": 84.61538461538461, "percent_covered_display": "85", "missing_lines": 6, "excluded_lines": 0, "percent_statements_covered": 84.61538461538461, "percent_statements_covered_display": "85"}, "missing_lines": [47, 55, 62, 70, 73, 74], "excluded_lines": [], "functions": {"InstitutionSecurityCredentials.key": {"executed_lines": [52, 53], "summary": {"covered_lines": 2, "num_statements": 3, "percent_covered": 66.66666666666667, "percent_covered_display": "67", "missing_lines": 1, "excluded_lines": 0, "percent_statements_covered": 66.66666666666667, "percent_statements_covered_display": "67"}, "missing_lines": [55], "excluded_lines": [], "start_line": 50}, "InstitutionSecurityCredentials.value": {"executed_lines": [67, 68], "summary": {"covered_lines": 2, "num_statements": 3, "percent_covered": 66.66666666666667, "percent_covered_display": "67", "missing_lines": 1, "excluded_lines": 0, "percent_statements_covered": 66.66666666666667, "percent_statements_covered_display": "67"}, "missing_lines": [70], "excluded_lines": [], "start_line": 65}, "InstitutionSecurityCredentials.__repr__": {"executed_lines": [], "summary": {"covered_lines": 0, "num_statements": 2, "percent_covered": 0.0, "percent_covered_display": "0", "missing_lines": 2, "excluded_lines": 0, "percent_statements_covered": 0.0, "percent_statements_covered_display": "0"}, "missing_lines": [73, 74], "excluded_lines": [], "start_line": 72}, "": {"executed_lines": [4, 5, 7, 8, 10, 11, 14, 17, 19, 20, 23, 26, 29, 32, 35, 38, 42, 43, 49, 50, 57, 58, 64, 65, 72], "summary": {"covered_lines": 25, "num_statements": 25, "percent_covered": 100.0, "percent_covered_display": "100", "missing_lines": 0, "excluded_lines": 0, "percent_statements_covered": 100.0, "percent_statements_covered_display": "100"}, "missing_lines": [], "excluded_lines": [], "start_line": 1}}, "classes": {"InstitutionSecurityCredentials": {"executed_lines": [45, 46, 52, 53, 60, 61, 67, 68], "summary": {"covered_lines": 8, "num_statements": 14, "percent_covered": 57.142857142857146, "percent_covered_display": "57", "missing_lines": 6, "excluded_lines": 0, "percent_statements_covered": 57.142857142857146, "percent_statements_covered_display": "57"}, "missing_lines": [47, 55, 62, 70, 73, 74], "excluded_lines": [], "start_line": 14}, "": {"executed_lines": [4, 5, 7, 8, 10, 11, 14, 17, 19, 20, 23, 26, 29, 32, 35, 38, 42, 43, 49, 50, 57, 58, 64, 65, 72], "summary": {"covered_lines": 25, "num_statements": 25, "percent_covered": 100.0, "percent_covered_display": "100", "missing_lines": 0, "excluded_lines": 0, "percent_statements_covered": 100.0, "percent_statements_covered_display": "100"}, "missing_lines": [], "excluded_lines": [], "start_line": 1}}}, "backend/app/models/reference_data.py": {"executed_lines": [4, 6, 7, 9, 12, 24, 26, 27, 28, 29, 30, 33, 37, 42], "summary": {"covered_lines": 14, "num_statements": 15, "percent_covered": 93.33333333333333, "percent_covered_display": "93", "missing_lines": 1, "excluded_lines": 0, "percent_statements_covered": 93.33333333333333, "percent_statements_covered_display": "93"}, "missing_lines": [43], "excluded_lines": [], "functions": {"ReferenceData.__repr__": {"executed_lines": [], "summary": {"covered_lines": 0, "num_statements": 1, "percent_covered": 0.0, "percent_covered_display": "0", "missing_lines": 1, "excluded_lines": 0, "percent_statements_covered": 0.0, "percent_statements_covered_display": "0"}, "missing_lines": [43], "excluded_lines": [], "start_line": 42}, "": {"executed_lines": [4, 6, 7, 9, 12, 24, 26, 27, 28, 29, 30, 33, 37, 42], "summary": {"covered_lines": 14, "num_statements": 14, "percent_covered": 100.0, "percent_covered_display": "100", "missing_lines": 0, "excluded_lines": 0, "percent_statements_covered": 100.0, "percent_statements_covered_display": "100"}, "missing_lines": [], "excluded_lines": [], "start_line": 1}}, "classes": {"ReferenceData": {"executed_lines": [], "summary": {"covered_lines": 0, "num_statements": 1, "percent_covered": 0.0, "percent_covered_display": "0", "missing_lines": 1, "excluded_lines": 0, "percent_statements_covered": 0.0, "percent_statements_covered_display": "0"}, "missing_lines": [43], "excluded_lines": [], "start_line": 12}, "": {"executed_lines": [4, 6, 7, 9, 12, 24, 26, 27, 28, 29, 30, 33, 37, 42], "summary": {"covered_lines": 14, "num_statements": 14, "percent_covered": 100.0, "percent_covered_display": "100", "missing_lines": 0, "excluded_lines": 0, "percent_statements_covered": 100.0, "percent_statements_covered_display": "100"}, "missing_lines": [], "excluded_lines": [], "start_line": 1}}}, "backend/app/models/user_profile.py": {"executed_lines": [4, 5, 7, 8, 10, 16, 24, 26, 27, 28, 29, 32, 35, 38, 39, 40, 41, 44, 49, 53], "summary": {"covered_lines": 20, "num_statements": 21, "percent_covered": 95.23809523809524, "percent_covered_display": "95", "missing_lines": 1, "excluded_lines": 2, "percent_statements_covered": 95.23809523809524, "percent_statements_covered_display": "95"}, "missing_lines": [54], "excluded_lines": [12, 13], "functions": {"UserProfile.__repr__": {"executed_lines": [], "summary": {"covered_lines": 0, "num_statements": 1, "percent_covered": 0.0, "percent_covered_display": "0", "missing_lines": 1, "excluded_lines": 0, "percent_statements_covered": 0.0, "percent_statements_covered_display": "0"}, "missing_lines": [54], "excluded_lines": [], "start_line": 53}, "": {"executed_lines": [4, 5, 7, 8, 10, 16, 24, 26, 27, 28, 29, 32, 35, 38, 39, 40, 41, 44, 49, 53], "summary": {"covered_lines": 20, "num_statements": 20, "percent_covered": 100.0, "percent_covered_display": "100", "missing_lines": 0, "excluded_lines": 2, "percent_statements_covered": 100.0, "percent_statements_covered_display": "100"}, "missing_lines": [], "excluded_lines": [12, 13], "start_line": 1}}, "classes": {"UserProfile": {"executed_lines": [], "summary": {"covered_lines": 0, "num_statements": 1, "percent_covered": 0.0, "percent_covered_display": "0", "missing_lines": 1, "excluded_lines": 0, "percent_statements_covered": 0.0, "percent_statements_covered_display": "0"}, "missing_lines": [54], "excluded_lines": [], "start_line": 16}, "": {"executed_lines": [4, 5, 7, 8, 10, 16, 24, 26, 27, 28, 29, 32, 35, 38, 39, 40, 41, 44, 49, 53], "summary": {"covered_lines": 20, "num_statements": 20, "percent_covered": 100.0, "percent_covered_display": "100", "missing_lines": 0, "excluded_lines": 2, "percent_statements_covered": 100.0, "percent_statements_covered_display": "100"}, "missing_lines": [], "excluded_lines": [12, 13], "start_line": 1}}}, "backend/app/repositories/__init__.py": {"executed_lines": [], "summary": {"covered_lines": 0, "num_statements": 0, "percent_covered": 100.0, "percent_covered_display": "100", "missing_lines": 0, "excluded_lines": 0, "percent_statements_covered": 100.0, "percent_statements_covered_display": "100"}, "missing_lines": [], "excluded_lines": [], "functions": {"": {"executed_lines": [], "summary": {"covered_lines": 0, "num_statements": 0, "percent_covered": 100.0, "percent_covered_display": "100", "missing_lines": 0, "excluded_lines": 0, "percent_statements_covered": 100.0, "percent_statements_covered_display": "100"}, "missing_lines": [], "excluded_lines": [], "start_line": 1}}, "classes": {"": {"executed_lines": [], "summary": {"covered_lines": 0, "num_statements": 0, "percent_covered": 100.0, "percent_covered_display": "100", "missing_lines": 0, "excluded_lines": 0, "percent_statements_covered": 100.0, "percent_statements_covered_display": "100"}, "missing_lines": [], "excluded_lines": [], "start_line": 1}}}, "backend/app/repositories/account_attribute_repository.py": {"executed_lines": [4, 6, 7, 9, 10, 13, 16, 18, 20, 27, 37, 39, 43, 44, 46, 50, 55, 56, 58, 62, 63, 64, 65, 66, 68, 72, 74, 75, 76, 77, 78, 80, 81, 82, 83, 84, 85, 86, 87, 88, 90, 94, 95, 96, 97, 99, 103, 104, 105, 106, 107, 108, 110, 114, 120, 121, 122, 123, 132, 134, 138, 139, 140, 145, 149, 150, 151, 152], "summary": {"covered_lines": 68, "num_statements": 68, "percent_covered": 100.0, "percent_covered_display": "100", "missing_lines": 0, "excluded_lines": 0, "percent_statements_covered": 100.0, "percent_statements_covered_display": "100"}, "missing_lines": [], "excluded_lines": [], "functions": {"AccountAttributeRepository.__init__": {"executed_lines": [18], "summary": {"covered_lines": 1, "num_statements": 1, "percent_covered": 100.0, "percent_covered_display": "100", "missing_lines": 0, "excluded_lines": 0, "percent_statements_covered": 100.0, "percent_statements_covered_display": "100"}, "missing_lines": [], "excluded_lines": [], "start_line": 16}, "AccountAttributeRepository.get_attribute_type_id": {"executed_lines": [27, 37, 39, 43, 44], "summary": {"covered_lines": 5, "num_statements": 5, "percent_covered": 100.0, "percent_covered_display": "100", "missing_lines": 0, "excluded_lines": 0, "percent_statements_covered": 100.0, "percent_statements_covered_display": "100"}, "missing_lines": [], "excluded_lines": [], "start_line": 20}, "AccountAttributeRepository.get_attribute": {"executed_lines": [50, 55, 56], "summary": {"covered_lines": 3, "num_statements": 3, "percent_covered": 100.0, "percent_covered_display": "100", "missing_lines": 0, "excluded_lines": 0, "percent_statements_covered": 100.0, "percent_statements_covered_display": "100"}, "missing_lines": [], "excluded_lines": [], "start_line": 46}, "AccountAttributeRepository.get_attribute_by_name": {"executed_lines": [62, 63, 64, 65, 66], "summary": {"covered_lines": 5, "num_statements": 5, "percent_covered": 100.0, "percent_covered_display": "100", "missing_lines": 0, "excluded_lines": 0, "percent_statements_covered": 100.0, "percent_statements_covered_display": "100"}, "missing_lines": [], "excluded_lines": [], "start_line": 58}, "AccountAttributeRepository.set_attribute": {"executed_lines": [72, 74, 75, 76, 77, 78, 80, 81, 82, 83, 84, 85, 86, 87, 88], "summary": {"covered_lines": 15, "num_statements": 15, "percent_covered": 100.0, "percent_covered_display": "100", "missing_lines": 0, "excluded_lines": 0, "percent_statements_covered": 100.0, "percent_statements_covered_display": "100"}, "missing_lines": [], "excluded_lines": [], "start_line": 68}, "AccountAttributeRepository.set_attribute_by_name": {"executed_lines": [94, 95, 96, 97], "summary": {"covered_lines": 4, "num_statements": 4, "percent_covered": 100.0, "percent_covered_display": "100", "missing_lines": 0, "excluded_lines": 0, "percent_statements_covered": 100.0, "percent_statements_covered_display": "100"}, "missing_lines": [], "excluded_lines": [], "start_line": 90}, "AccountAttributeRepository.delete_attribute": {"executed_lines": [103, 104, 105, 106, 107, 108], "summary": {"covered_lines": 6, "num_statements": 6, "percent_covered": 100.0, "percent_covered_display": "100", "missing_lines": 0, "excluded_lines": 0, "percent_statements_covered": 100.0, "percent_statements_covered_display": "100"}, "missing_lines": [], "excluded_lines": [], "start_line": 99}, "AccountAttributeRepository.get_all_attributes": {"executed_lines": [114, 120, 121, 122, 123, 132], "summary": {"covered_lines": 6, "num_statements": 6, "percent_covered": 100.0, "percent_covered_display": "100", "missing_lines": 0, "excluded_lines": 0, "percent_statements_covered": 100.0, "percent_statements_covered_display": "100"}, "missing_lines": [], "excluded_lines": [], "start_line": 110}, "AccountAttributeRepository.get_dates_for_account": {"executed_lines": [138, 139, 140], "summary": {"covered_lines": 3, "num_statements": 3, "percent_covered": 100.0, "percent_covered_display": "100", "missing_lines": 0, "excluded_lines": 0, "percent_statements_covered": 100.0, "percent_statements_covered_display": "100"}, "missing_lines": [], "excluded_lines": [], "start_line": 134}, "AccountAttributeRepository.get_banking_details_for_account": {"executed_lines": [149, 150, 151, 152], "summary": {"covered_lines": 4, "num_statements": 4, "percent_covered": 100.0, "percent_covered_display": "100", "missing_lines": 0, "excluded_lines": 0, "percent_statements_covered": 100.0, "percent_statements_covered_display": "100"}, "missing_lines": [], "excluded_lines": [], "start_line": 145}, "": {"executed_lines": [4, 6, 7, 9, 10, 13, 16, 20, 46, 58, 68, 90, 99, 110, 134, 145], "summary": {"covered_lines": 16, "num_statements": 16, "percent_covered": 100.0, "percent_covered_display": "100", "missing_lines": 0, "excluded_lines": 0, "percent_statements_covered": 100.0, "percent_statements_covered_display": "100"}, "missing_lines": [], "excluded_lines": [], "start_line": 1}}, "classes": {"AccountAttributeRepository": {"executed_lines": [18, 27, 37, 39, 43, 44, 50, 55, 56, 62, 63, 64, 65, 66, 72, 74, 75, 76, 77, 78, 80, 81, 82, 83, 84, 85, 86, 87, 88, 94, 95, 96, 97, 103, 104, 105, 106, 107, 108, 114, 120, 121, 122, 123, 132, 138, 139, 140, 149, 150, 151, 152], "summary": {"covered_lines": 52, "num_statements": 52, "percent_covered": 100.0, "percent_covered_display": "100", "missing_lines": 0, "excluded_lines": 0, "percent_statements_covered": 100.0, "percent_statements_covered_display": "100"}, "missing_lines": [], "excluded_lines": [], "start_line": 13}, "": {"executed_lines": [4, 6, 7, 9, 10, 13, 16, 20, 46, 58, 68, 90, 99, 110, 134, 145], "summary": {"covered_lines": 16, "num_statements": 16, "percent_covered": 100.0, "percent_covered_display": "100", "missing_lines": 0, "excluded_lines": 0, "percent_statements_covered": 100.0, "percent_statements_covered_display": "100"}, "missing_lines": [], "excluded_lines": [], "start_line": 1}}}, "backend/app/repositories/account_event_repository.py": {"executed_lines": [4, 6, 7, 9, 10, 13, 16, 18, 20, 27, 34, 36, 40, 43, 47, 48, 49, 50, 51, 52, 53, 57, 59, 66, 67, 68, 69, 79], "summary": {"covered_lines": 28, "num_statements": 31, "percent_covered": 90.3225806451613, "percent_covered_display": "90", "missing_lines": 3, "excluded_lines": 0, "percent_statements_covered": 90.3225806451613, "percent_statements_covered_display": "90"}, "missing_lines": [41, 54, 55], "excluded_lines": [], "functions": {"AccountEventRepository.__init__": {"executed_lines": [18], "summary": {"covered_lines": 1, "num_statements": 1, "percent_covered": 100.0, "percent_covered_display": "100", "missing_lines": 0, "excluded_lines": 0, "percent_statements_covered": 100.0, "percent_statements_covered_display": "100"}, "missing_lines": [], "excluded_lines": [], "start_line": 16}, "AccountEventRepository.get_event_type_id": {"executed_lines": [27, 34, 36, 40], "summary": {"covered_lines": 4, "num_statements": 5, "percent_covered": 80.0, "percent_covered_display": "80", "missing_lines": 1, "excluded_lines": 0, "percent_statements_covered": 80.0, "percent_statements_covered_display": "80"}, "missing_lines": [41], "excluded_lines": [], "start_line": 20}, "AccountEventRepository.create_event": {"executed_lines": [47, 48, 49, 50, 51, 52, 53], "summary": {"covered_lines": 7, "num_statements": 9, "percent_covered": 77.77777777777777, "percent_covered_display": "78", "missing_lines": 2, "excluded_lines": 0, "percent_statements_covered": 77.77777777777777, "percent_statements_covered_display": "78"}, "missing_lines": [54, 55], "excluded_lines": [], "start_line": 43}, "AccountEventRepository.list_events": {"executed_lines": [59, 66, 67, 68, 69, 79], "summary": {"covered_lines": 6, "num_statements": 6, "percent_covered": 100.0, "percent_covered_display": "100", "missing_lines": 0, "excluded_lines": 0, "percent_statements_covered": 100.0, "percent_statements_covered_display": "100"}, "missing_lines": [], "excluded_lines": [], "start_line": 57}, "": {"executed_lines": [4, 6, 7, 9, 10, 13, 16, 20, 43, 57], "summary": {"covered_lines": 10, "num_statements": 10, "percent_covered": 100.0, "percent_covered_display": "100", "missing_lines": 0, "excluded_lines": 0, "percent_statements_covered": 100.0, "percent_statements_covered_display": "100"}, "missing_lines": [], "excluded_lines": [], "start_line": 1}}, "classes": {"AccountEventRepository": {"executed_lines": [18, 27, 34, 36, 40, 47, 48, 49, 50, 51, 52, 53, 59, 66, 67, 68, 69, 79], "summary": {"covered_lines": 18, "num_statements": 21, "percent_covered": 85.71428571428571, "percent_covered_display": "86", "missing_lines": 3, "excluded_lines": 0, "percent_statements_covered": 85.71428571428571, "percent_statements_covered_display": "86"}, "missing_lines": [41, 54, 55], "excluded_lines": [], "start_line": 13}, "": {"executed_lines": [4, 6, 7, 9, 10, 13, 16, 20, 43, 57], "summary": {"covered_lines": 10, "num_statements": 10, "percent_covered": 100.0, "percent_covered_display": "100", "missing_lines": 0, "excluded_lines": 0, "percent_statements_covered": 100.0, "percent_statements_covered_display": "100"}, "missing_lines": [], "excluded_lines": [], "start_line": 1}}}, "backend/app/repositories/account_repository.py": {"executed_lines": [4, 6, 7, 8, 10, 13, 16, 18, 20, 22, 28, 29, 31, 33, 39, 40, 42, 46, 53, 54], "summary": {"covered_lines": 20, "num_statements": 20, "percent_covered": 100.0, "percent_covered_display": "100", "missing_lines": 0, "excluded_lines": 0, "percent_statements_covered": 100.0, "percent_statements_covered_display": "100"}, "missing_lines": [], "excluded_lines": [], "functions": {"AccountRepository.__init__": {"executed_lines": [18], "summary": {"covered_lines": 1, "num_statements": 1, "percent_covered": 100.0, "percent_covered_display": "100", "missing_lines": 0, "excluded_lines": 0, "percent_statements_covered": 100.0, "percent_statements_covered_display": "100"}, "missing_lines": [], "excluded_lines": [], "start_line": 16}, "AccountRepository.get_by_id": {"executed_lines": [22, 28, 29], "summary": {"covered_lines": 3, "num_statements": 3, "percent_covered": 100.0, "percent_covered_display": "100", "missing_lines": 0, "excluded_lines": 0, "percent_statements_covered": 100.0, "percent_statements_covered_display": "100"}, "missing_lines": [], "excluded_lines": [], "start_line": 20}, "AccountRepository.get_by_user": {"executed_lines": [33, 39, 40], "summary": {"covered_lines": 3, "num_statements": 3, "percent_covered": 100.0, "percent_covered_display": "100", "missing_lines": 0, "excluded_lines": 0, "percent_statements_covered": 100.0, "percent_statements_covered_display": "100"}, "missing_lines": [], "excluded_lines": [], "start_line": 31}, "AccountRepository.get_by_institution": {"executed_lines": [46, 53, 54], "summary": {"covered_lines": 3, "num_statements": 3, "percent_covered": 100.0, "percent_covered_display": "100", "missing_lines": 0, "excluded_lines": 0, "percent_statements_covered": 100.0, "percent_statements_covered_display": "100"}, "missing_lines": [], "excluded_lines": [], "start_line": 42}, "": {"executed_lines": [4, 6, 7, 8, 10, 13, 16, 20, 31, 42], "summary": {"covered_lines": 10, "num_statements": 10, "percent_covered": 100.0, "percent_covered_display": "100", "missing_lines": 0, "excluded_lines": 0, "percent_statements_covered": 100.0, "percent_statements_covered_display": "100"}, "missing_lines": [], "excluded_lines": [], "start_line": 1}}, "classes": {"AccountRepository": {"executed_lines": [18, 22, 28, 29, 33, 39, 40, 46, 53, 54], "summary": {"covered_lines": 10, "num_statements": 10, "percent_covered": 100.0, "percent_covered_display": "100", "missing_lines": 0, "excluded_lines": 0, "percent_statements_covered": 100.0, "percent_statements_covered_display": "100"}, "missing_lines": [], "excluded_lines": [], "start_line": 13}, "": {"executed_lines": [4, 6, 7, 8, 10, 13, 16, 20, 31, 42], "summary": {"covered_lines": 10, "num_statements": 10, "percent_covered": 100.0, "percent_covered_display": "100", "missing_lines": 0, "excluded_lines": 0, "percent_statements_covered": 100.0, "percent_statements_covered_display": "100"}, "missing_lines": [], "excluded_lines": [], "start_line": 1}}}, "backend/app/repositories/institution_group_repository.py": {"executed_lines": [4, 6, 7, 9, 12, 15, 17, 19, 23, 28, 29, 31, 44, 61, 74], "summary": {"covered_lines": 15, "num_statements": 39, "percent_covered": 38.46153846153846, "percent_covered_display": "38", "missing_lines": 24, "excluded_lines": 0, "percent_statements_covered": 38.46153846153846, "percent_statements_covered_display": "38"}, "missing_lines": [35, 41, 42, 49, 52, 53, 54, 55, 56, 57, 58, 59, 63, 68, 69, 70, 71, 72, 76, 81, 82, 83, 84, 85], "excluded_lines": [], "functions": {"InstitutionGroupRepository.__init__": {"executed_lines": [17], "summary": {"covered_lines": 1, "num_statements": 1, "percent_covered": 100.0, "percent_covered_display": "100", "missing_lines": 0, "excluded_lines": 0, "percent_statements_covered": 100.0, "percent_statements_covered_display": "100"}, "missing_lines": [], "excluded_lines": [], "start_line": 15}, "InstitutionGroupRepository.get_parent_for_child": {"executed_lines": [23, 28, 29], "summary": {"covered_lines": 3, "num_statements": 3, "percent_covered": 100.0, "percent_covered_display": "100", "missing_lines": 0, "excluded_lines": 0, "percent_statements_covered": 100.0, "percent_statements_covered_display": "100"}, "missing_lines": [], "excluded_lines": [], "start_line": 19}, "InstitutionGroupRepository.get_children_for_parent": {"executed_lines": [], "summary": {"covered_lines": 0, "num_statements": 3, "percent_covered": 0.0, "percent_covered_display": "0", "missing_lines": 3, "excluded_lines": 0, "percent_statements_covered": 0.0, "percent_statements_covered_display": "0"}, "missing_lines": [35, 41, 42], "excluded_lines": [], "start_line": 31}, "InstitutionGroupRepository.set_parent": {"executed_lines": [], "summary": {"covered_lines": 0, "num_statements": 9, "percent_covered": 0.0, "percent_covered_display": "0", "missing_lines": 9, "excluded_lines": 0, "percent_statements_covered": 0.0, "percent_statements_covered_display": "0"}, "missing_lines": [49, 52, 53, 54, 55, 56, 57, 58, 59], "excluded_lines": [], "start_line": 44}, "InstitutionGroupRepository.remove_parent": {"executed_lines": [], "summary": {"covered_lines": 0, "num_statements": 6, "percent_covered": 0.0, "percent_covered_display": "0", "missing_lines": 6, "excluded_lines": 0, "percent_statements_covered": 0.0, "percent_statements_covered_display": "0"}, "missing_lines": [63, 68, 69, 70, 71, 72], "excluded_lines": [], "start_line": 61}, "InstitutionGroupRepository.delete_by_id": {"executed_lines": [], "summary": {"covered_lines": 0, "num_statements": 6, "percent_covered": 0.0, "percent_covered_display": "0", "missing_lines": 6, "excluded_lines": 0, "percent_statements_covered": 0.0, "percent_statements_covered_display": "0"}, "missing_lines": [76, 81, 82, 83, 84, 85], "excluded_lines": [], "start_line": 74}, "": {"executed_lines": [4, 6, 7, 9, 12, 15, 19, 31, 44, 61, 74], "summary": {"covered_lines": 11, "num_statements": 11, "percent_covered": 100.0, "percent_covered_display": "100", "missing_lines": 0, "excluded_lines": 0, "percent_statements_covered": 100.0, "percent_statements_covered_display": "100"}, "missing_lines": [], "excluded_lines": [], "start_line": 1}}, "classes": {"InstitutionGroupRepository": {"executed_lines": [17, 23, 28, 29], "summary": {"covered_lines": 4, "num_statements": 28, "percent_covered": 14.285714285714286, "percent_covered_display": "14", "missing_lines": 24, "excluded_lines": 0, "percent_statements_covered": 14.285714285714286, "percent_statements_covered_display": "14"}, "missing_lines": [35, 41, 42, 49, 52, 53, 54, 55, 56, 57, 58, 59, 63, 68, 69, 70, 71, 72, 76, 81, 82, 83, 84, 85], "excluded_lines": [], "start_line": 12}, "": {"executed_lines": [4, 6, 7, 9, 12, 15, 19, 31, 44, 61, 74], "summary": {"covered_lines": 11, "num_statements": 11, "percent_covered": 100.0, "percent_covered_display": "100", "missing_lines": 0, "excluded_lines": 0, "percent_statements_covered": 100.0, "percent_statements_covered_display": "100"}, "missing_lines": [], "excluded_lines": [], "start_line": 1}}}, "backend/app/repositories/institution_repository.py": {"executed_lines": [4, 6, 7, 9, 12, 15, 17, 19, 21, 26, 27, 29, 31, 36, 37], "summary": {"covered_lines": 15, "num_statements": 15, "percent_covered": 100.0, "percent_covered_display": "100", "missing_lines": 0, "excluded_lines": 0, "percent_statements_covered": 100.0, "percent_statements_covered_display": "100"}, "missing_lines": [], "excluded_lines": [], "functions": {"InstitutionRepository.__init__": {"executed_lines": [17], "summary": {"covered_lines": 1, "num_statements": 1, "percent_covered": 100.0, "percent_covered_display": "100", "missing_lines": 0, "excluded_lines": 0, "percent_statements_covered": 100.0, "percent_statements_covered_display": "100"}, "missing_lines": [], "excluded_lines": [], "start_line": 15}, "InstitutionRepository.get_by_id": {"executed_lines": [21, 26, 27], "summary": {"covered_lines": 3, "num_statements": 3, "percent_covered": 100.0, "percent_covered_display": "100", "missing_lines": 0, "excluded_lines": 0, "percent_statements_covered": 100.0, "percent_statements_covered_display": "100"}, "missing_lines": [], "excluded_lines": [], "start_line": 19}, "InstitutionRepository.get_by_user": {"executed_lines": [31, 36, 37], "summary": {"covered_lines": 3, "num_statements": 3, "percent_covered": 100.0, "percent_covered_display": "100", "missing_lines": 0, "excluded_lines": 0, "percent_statements_covered": 100.0, "percent_statements_covered_display": "100"}, "missing_lines": [], "excluded_lines": [], "start_line": 29}, "": {"executed_lines": [4, 6, 7, 9, 12, 15, 19, 29], "summary": {"covered_lines": 8, "num_statements": 8, "percent_covered": 100.0, "percent_covered_display": "100", "missing_lines": 0, "excluded_lines": 0, "percent_statements_covered": 100.0, "percent_statements_covered_display": "100"}, "missing_lines": [], "excluded_lines": [], "start_line": 1}}, "classes": {"InstitutionRepository": {"executed_lines": [17, 21, 26, 27, 31, 36, 37], "summary": {"covered_lines": 7, "num_statements": 7, "percent_covered": 100.0, "percent_covered_display": "100", "missing_lines": 0, "excluded_lines": 0, "percent_statements_covered": 100.0, "percent_statements_covered_display": "100"}, "missing_lines": [], "excluded_lines": [], "start_line": 12}, "": {"executed_lines": [4, 6, 7, 9, 12, 15, 19, 29], "summary": {"covered_lines": 8, "num_statements": 8, "percent_covered": 100.0, "percent_covered_display": "100", "missing_lines": 0, "excluded_lines": 0, "percent_statements_covered": 100.0, "percent_statements_covered_display": "100"}, "missing_lines": [], "excluded_lines": [], "start_line": 1}}}, "backend/app/repositories/institution_security_credentials_repository.py": {"executed_lines": [4, 6, 7, 9, 10, 11, 12, 15, 18, 19, 21, 24, 41, 45, 48, 64, 70, 76, 77, 78, 79, 80, 81, 83, 84, 88, 95, 96, 97, 99, 100, 101, 102, 106, 110, 111], "summary": {"covered_lines": 36, "num_statements": 49, "percent_covered": 73.46938775510205, "percent_covered_display": "73", "missing_lines": 13, "excluded_lines": 0, "percent_statements_covered": 73.46938775510205, "percent_statements_covered_display": "73"}, "missing_lines": [42, 43, 65, 66, 67, 68, 85, 86, 98, 103, 104, 107, 108], "excluded_lines": [], "functions": {"InstitutionSecurityCredentialsRepository.__init__": {"executed_lines": [19], "summary": {"covered_lines": 1, "num_statements": 1, "percent_covered": 100.0, "percent_covered_display": "100", "missing_lines": 0, "excluded_lines": 0, "percent_statements_covered": 100.0, "percent_statements_covered_display": "100"}, "missing_lines": [], "excluded_lines": [], "start_line": 18}, "InstitutionSecurityCredentialsRepository.list_for_institution": {"executed_lines": [24, 41], "summary": {"covered_lines": 2, "num_statements": 4, "percent_covered": 50.0, "percent_covered_display": "50", "missing_lines": 2, "excluded_lines": 0, "percent_statements_covered": 50.0, "percent_statements_covered_display": "50"}, "missing_lines": [42, 43], "excluded_lines": [], "start_line": 21}, "InstitutionSecurityCredentialsRepository.get_by_id": {"executed_lines": [48, 64], "summary": {"covered_lines": 2, "num_statements": 6, "percent_covered": 33.333333333333336, "percent_covered_display": "33", "missing_lines": 4, "excluded_lines": 0, "percent_statements_covered": 33.333333333333336, "percent_statements_covered_display": "33"}, "missing_lines": [65, 66, 67, 68], "excluded_lines": [], "start_line": 45}, "InstitutionSecurityCredentialsRepository.create": {"executed_lines": [76, 77, 78, 79, 80, 81, 83, 84], "summary": {"covered_lines": 8, "num_statements": 10, "percent_covered": 80.0, "percent_covered_display": "80", "missing_lines": 2, "excluded_lines": 0, "percent_statements_covered": 80.0, "percent_statements_covered_display": "80"}, "missing_lines": [85, 86], "excluded_lines": [], "start_line": 70}, "InstitutionSecurityCredentialsRepository.update": {"executed_lines": [95, 96, 97, 99, 100, 101, 102], "summary": {"covered_lines": 7, "num_statements": 10, "percent_covered": 70.0, "percent_covered_display": "70", "missing_lines": 3, "excluded_lines": 0, "percent_statements_covered": 70.0, "percent_statements_covered_display": "70"}, "missing_lines": [98, 103, 104], "excluded_lines": [], "start_line": 88}, "InstitutionSecurityCredentialsRepository.delete": {"executed_lines": [], "summary": {"covered_lines": 0, "num_statements": 2, "percent_covered": 0.0, "percent_covered_display": "0", "missing_lines": 2, "excluded_lines": 0, "percent_statements_covered": 0.0, "percent_statements_covered_display": "0"}, "missing_lines": [107, 108], "excluded_lines": [], "start_line": 106}, "InstitutionSecurityCredentialsRepository.get_type": {"executed_lines": [111], "summary": {"covered_lines": 1, "num_statements": 1, "percent_covered": 100.0, "percent_covered_display": "100", "missing_lines": 0, "excluded_lines": 0, "percent_statements_covered": 100.0, "percent_statements_covered_display": "100"}, "missing_lines": [], "excluded_lines": [], "start_line": 110}, "": {"executed_lines": [4, 6, 7, 9, 10, 11, 12, 15, 18, 21, 45, 70, 88, 106, 110], "summary": {"covered_lines": 15, "num_statements": 15, "percent_covered": 100.0, "percent_covered_display": "100", "missing_lines": 0, "excluded_lines": 0, "percent_statements_covered": 100.0, "percent_statements_covered_display": "100"}, "missing_lines": [], "excluded_lines": [], "start_line": 1}}, "classes": {"InstitutionSecurityCredentialsRepository": {"executed_lines": [19, 24, 41, 48, 64, 76, 77, 78, 79, 80, 81, 83, 84, 95, 96, 97, 99, 100, 101, 102, 111], "summary": {"covered_lines": 21, "num_statements": 34, "percent_covered": 61.76470588235294, "percent_covered_display": "62", "missing_lines": 13, "excluded_lines": 0, "percent_statements_covered": 61.76470588235294, "percent_statements_covered_display": "62"}, "missing_lines": [42, 43, 65, 66, 67, 68, 85, 86, 98, 103, 104, 107, 108], "excluded_lines": [], "start_line": 15}, "": {"executed_lines": [4, 6, 7, 9, 10, 11, 12, 15, 18, 21, 45, 70, 88, 106, 110], "summary": {"covered_lines": 15, "num_statements": 15, "percent_covered": 100.0, "percent_covered_display": "100", "missing_lines": 0, "excluded_lines": 0, "percent_statements_covered": 100.0, "percent_statements_covered_display": "100"}, "missing_lines": [], "excluded_lines": [], "start_line": 1}}}, "backend/app/repositories/portfolio_repository.py": {"executed_lines": [4, 6, 7, 8, 10, 11, 12, 13, 14, 15, 18, 21, 23, 25, 32, 38, 39, 42, 43, 45, 51, 52, 55, 59, 60, 63, 68, 69, 72, 73, 74, 77, 81, 83, 84, 86, 87, 88, 90, 92, 101, 102, 106, 107, 110, 114, 115, 142, 149, 151, 153, 157, 164, 165], "summary": {"covered_lines": 54, "num_statements": 59, "percent_covered": 91.52542372881356, "percent_covered_display": "92", "missing_lines": 5, "excluded_lines": 0, "percent_statements_covered": 91.52542372881356, "percent_statements_covered_display": "92"}, "missing_lines": [111, 117, 121, 122, 124], "excluded_lines": [], "functions": {"PortfolioRepository.__init__": {"executed_lines": [23], "summary": {"covered_lines": 1, "num_statements": 1, "percent_covered": 100.0, "percent_covered_display": "100", "missing_lines": 0, "excluded_lines": 0, "percent_statements_covered": 100.0, "percent_statements_covered_display": "100"}, "missing_lines": [], "excluded_lines": [], "start_line": 21}, "PortfolioRepository.get_user_portfolio": {"executed_lines": [32, 38, 39, 42, 43, 45, 51, 52, 55, 59, 60, 63, 68, 69, 72, 73, 74, 77, 81, 83, 84, 86, 87, 88, 90, 92, 101, 102, 106, 107, 110, 114, 115, 142, 149, 151], "summary": {"covered_lines": 36, "num_statements": 41, "percent_covered": 87.8048780487805, "percent_covered_display": "88", "missing_lines": 5, "excluded_lines": 0, "percent_statements_covered": 87.8048780487805, "percent_statements_covered_display": "88"}, "missing_lines": [111, 117, 121, 122, 124], "excluded_lines": [], "start_line": 25}, "PortfolioRepository.get_account_current_balance": {"executed_lines": [157, 164, 165], "summary": {"covered_lines": 3, "num_statements": 3, "percent_covered": 100.0, "percent_covered_display": "100", "missing_lines"
[...]
: 100.0, "percent_covered_display": "100", "missing_lines": 0, "excluded_lines": 0, "percent_statements_covered": 100.0, "percent_statements_covered_display": "100"}, "missing_lines": [], "excluded_lines": [], "functions": {"hash_password": {"executed_lines": [29], "summary": {"covered_lines": 1, "num_statements": 1, "percent_covered": 100.0, "percent_covered_display": "100", "missing_lines": 0, "excluded_lines": 0, "percent_statements_covered": 100.0, "percent_statements_covered_display": "100"}, "missing_lines": [], "excluded_lines": [], "start_line": 19}, "verify_password": {"executed_lines": [43], "summary": {"covered_lines": 1, "num_statements": 1, "percent_covered": 100.0, "percent_covered_display": "100", "missing_lines": 0, "excluded_lines": 0, "percent_statements_covered": 100.0, "percent_statements_covered_display": "100"}, "missing_lines": [], "excluded_lines": [], "start_line": 32}, "create_access_token": {"executed_lines": [57, 58, 59, 61, 63, 64, 67], "summary": {"covered_lines": 7, "num_statements": 7, "percent_covered": 100.0, "percent_covered_display": "100", "missing_lines": 0, "excluded_lines": 0, "percent_statements_covered": 100.0, "percent_statements_covered_display": "100"}, "missing_lines": [], "excluded_lines": [], "start_line": 46}, "decode_access_token": {"executed_lines": [80, 81, 84, 85, 86], "summary": {"covered_lines": 5, "num_statements": 5, "percent_covered": 100.0, "percent_covered_display": "100", "missing_lines": 0, "excluded_lines": 0, "percent_statements_covered": 100.0, "percent_statements_covered_display": "100"}, "missing_lines": [], "excluded_lines": [], "start_line": 70}, "": {"executed_lines": [4, 5, 7, 8, 10, 13, 19, 32, 46, 70], "summary": {"covered_lines": 10, "num_statements": 10, "percent_covered": 100.0, "percent_covered_display": "100", "missing_lines": 0, "excluded_lines": 0, "percent_statements_covered": 100.0, "percent_statements_covered_display": "100"}, "missing_lines": [], "excluded_lines": [], "start_line": 1}}, "classes": {"": {"executed_lines": [4, 5, 7, 8, 10, 13, 19, 29, 32, 43, 46, 57, 58, 59, 61, 63, 64, 67, 70, 80, 81, 84, 85, 86], "summary": {"covered_lines": 24, "num_statements": 24, "percent_covered": 100.0, "percent_covered_display": "100", "missing_lines": 0, "excluded_lines": 0, "percent_statements_covered": 100.0, "percent_statements_covered_display": "100"}, "missing_lines": [], "excluded_lines": [], "start_line": 1}}}, "backend/app/services/institution_security_credentials_service.py": {"executed_lines": [4, 6, 8, 9, 10, 13, 19, 22, 23, 24, 25, 27, 30, 33, 39, 51, 58, 77, 78, 84, 85, 86, 88, 90, 91, 92], "summary": {"covered_lines": 26, "num_statements": 46, "percent_covered": 56.52173913043478, "percent_covered_display": "57", "missing_lines": 20, "excluded_lines": 0, "percent_statements_covered": 56.52173913043478, "percent_statements_covered_display": "57"}, "missing_lines": [31, 40, 41, 43, 44, 49, 59, 60, 62, 63, 64, 66, 67, 69, 75, 79, 80, 81, 82, 87], "excluded_lines": [], "functions": {"InstitutionSecurityCredentialsService.__init__": {"executed_lines": [23, 24, 25], "summary": {"covered_lines": 3, "num_statements": 3, "percent_covered": 100.0, "percent_covered_display": "100", "missing_lines": 0, "excluded_lines": 0, "percent_statements_covered": 100.0, "percent_statements_covered_display": "100"}, "missing_lines": [], "excluded_lines": [], "start_line": 22}, "InstitutionSecurityCredentialsService.list_for_institution": {"executed_lines": [30], "summary": {"covered_lines": 1, "num_statements": 2, "percent_covered": 50.0, "percent_covered_display": "50", "missing_lines": 1, "excluded_lines": 0, "percent_statements_covered": 50.0, "percent_statements_covered_display": "50"}, "missing_lines": [31], "excluded_lines": [], "start_line": 27}, "InstitutionSecurityCredentialsService.create": {"executed_lines": [39], "summary": {"covered_lines": 1, "num_statements": 6, "percent_covered": 16.666666666666668, "percent_covered_display": "17", "missing_lines": 5, "excluded_lines": 0, "percent_statements_covered": 16.666666666666668, "percent_statements_covered_display": "17"}, "missing_lines": [40, 41, 43, 44, 49], "excluded_lines": [], "start_line": 33}, "InstitutionSecurityCredentialsService.update": {"executed_lines": [58], "summary": {"covered_lines": 1, "num_statements": 10, "percent_covered": 10.0, "percent_covered_display": "10", "missing_lines": 9, "excluded_lines": 0, "percent_statements_covered": 10.0, "percent_statements_covered_display": "10"}, "missing_lines": [59, 60, 62, 63, 64, 66, 67, 69, 75], "excluded_lines": [], "start_line": 51}, "InstitutionSecurityCredentialsService.delete": {"executed_lines": [78], "summary": {"covered_lines": 1, "num_statements": 5, "percent_covered": 20.0, "percent_covered_display": "20", "missing_lines": 4, "excluded_lines": 0, "percent_statements_covered": 20.0, "percent_statements_covered_display": "20"}, "missing_lines": [79, 80, 81, 82], "excluded_lines": [], "start_line": 77}, "InstitutionSecurityCredentialsService._ensure_credential_type": {"executed_lines": [85, 86, 88], "summary": {"covered_lines": 3, "num_statements": 4, "percent_covered": 75.0, "percent_covered_display": "75", "missing_lines": 1, "excluded_lines": 0, "percent_statements_covered": 75.0, "percent_statements_covered_display": "75"}, "missing_lines": [87], "excluded_lines": [], "start_line": 84}, "InstitutionSecurityCredentialsService._to_payload": {"executed_lines": [92], "summary": {"covered_lines": 1, "num_statements": 1, "percent_covered": 100.0, "percent_covered_display": "100", "missing_lines": 0, "excluded_lines": 0, "percent_statements_covered": 100.0, "percent_statements_covered_display": "100"}, "missing_lines": [], "excluded_lines": [], "start_line": 91}, "": {"executed_lines": [4, 6, 8, 9, 10, 13, 19, 22, 27, 33, 51, 77, 84, 90, 91], "summary": {"covered_lines": 15, "num_statements": 15, "percent_covered": 100.0, "percent_covered_display": "100", "missing_lines": 0, "excluded_lines": 0, "percent_statements_covered": 100.0, "percent_statements_covered_display": "100"}, "missing_lines": [], "excluded_lines": [], "start_line": 1}}, "classes": {"InstitutionSecurityCredentialsService": {"executed_lines": [23, 24, 25, 30, 39, 58, 78, 85, 86, 88, 92], "summary": {"covered_lines": 11, "num_statements": 31, "percent_covered": 35.483870967741936, "percent_covered_display": "35", "missing_lines": 20, "excluded_lines": 0, "percent_statements_covered": 35.483870967741936, "percent_statements_covered_display": "35"}, "missing_lines": [31, 40, 41, 43, 44, 49, 59, 60, 62, 63, 64, 66, 67, 69, 75, 79, 80, 81, 82, 87], "excluded_lines": [], "start_line": 19}, "": {"executed_lines": [4, 6, 8, 9, 10, 13, 19, 22, 27, 33, 51, 77, 84, 90, 91], "summary": {"covered_lines": 15, "num_statements": 15, "percent_covered": 100.0, "percent_covered_display": "100", "missing_lines": 0, "excluded_lines": 0, "percent_statements_covered": 100.0, "percent_statements_covered_display": "100"}, "missing_lines": [], "excluded_lines": [], "start_line": 1}}}, "backend/app/services/institution_service.py": {"executed_lines": [4, 5, 7, 8, 9, 12, 15, 17, 18, 20, 22, 23, 24, 26, 27, 28, 29, 31, 33, 34, 35, 38, 41, 44, 45, 48, 49, 50], "summary": {"covered_lines": 28, "num_statements": 28, "percent_covered": 100.0, "percent_covered_display": "100", "missing_lines": 0, "excluded_lines": 0, "percent_statements_covered": 100.0, "percent_statements_covered_display": "100"}, "missing_lines": [], "excluded_lines": [], "functions": {"InstitutionService.__init__": {"executed_lines": [17, 18], "summary": {"covered_lines": 2, "num_statements": 2, "percent_covered": 100.0, "percent_covered_display": "100", "missing_lines": 0, "excluded_lines": 0, "percent_statements_covered": 100.0, "percent_statements_covered_display": "100"}, "missing_lines": [], "excluded_lines": [], "start_line": 15}, "InstitutionService.update": {"executed_lines": [22, 23, 24, 26, 27, 28, 29], "summary": {"covered_lines": 7, "num_statements": 7, "percent_covered": 100.0, "percent_covered_display": "100", "missing_lines": 0, "excluded_lines": 0, "percent_statements_covered": 100.0, "percent_statements_covered_display": "100"}, "missing_lines": [], "excluded_lines": [], "start_line": 20}, "InstitutionService.delete": {"executed_lines": [33, 34, 35, 38, 41, 44, 45, 48, 49, 50], "summary": {"covered_lines": 10, "num_statements": 10, "percent_covered": 100.0, "percent_covered_display": "100", "missing_lines": 0, "excluded_lines": 0, "percent_statements_covered": 100.0, "percent_statements_covered_display": "100"}, "missing_lines": [], "excluded_lines": [], "start_line": 31}, "": {"executed_lines": [4, 5, 7, 8, 9, 12, 15, 20, 31], "summary": {"covered_lines": 9, "num_statements": 9, "percent_covered": 100.0, "percent_covered_display": "100", "missing_lines": 0, "excluded_lines": 0, "percent_statements_covered": 100.0, "percent_statements_covered_display": "100"}, "missing_lines": [], "excluded_lines": [], "start_line": 1}}, "classes": {"InstitutionService": {"executed_lines": [17, 18, 22, 23, 24, 26, 27, 28, 29, 33, 34, 35, 38, 41, 44, 45, 48, 49, 50], "summary": {"covered_lines": 19, "num_statements": 19, "percent_covered": 100.0, "percent_covered_display": "100", "missing_lines": 0, "excluded_lines": 0, "percent_statements_covered": 100.0, "percent_statements_covered_display": "100"}, "missing_lines": [], "excluded_lines": [], "start_line": 12}, "": {"executed_lines": [4, 5, 7, 8, 9, 12, 15, 20, 31], "summary": {"covered_lines": 9, "num_statements": 9, "percent_covered": 100.0, "percent_covered_display": "100", "missing_lines": 0, "excluded_lines": 0, "percent_statements_covered": 100.0, "percent_statements_covered_display": "100"}, "missing_lines": [], "excluded_lines": [], "start_line": 1}}}, "backend/app/services/reference_data.py": {"executed_lines": [2, 4, 5, 7, 10, 13, 14, 15, 17, 98, 100, 101, 102, 103, 104, 108, 109, 110, 112, 113, 114, 115, 117, 118, 120, 121, 124, 128, 136, 137], "summary": {"covered_lines": 30, "num_statements": 30, "percent_covered": 100.0, "percent_covered_display": "100", "missing_lines": 0, "excluded_lines": 0, "percent_statements_covered": 100.0, "percent_statements_covered_display": "100"}, "missing_lines": [], "excluded_lines": [], "functions": {"seed_reference_data": {"executed_lines": [100, 101, 102, 103, 104, 108, 109, 110, 112, 113, 114, 115, 117, 118, 120, 121], "summary": {"covered_lines": 16, "num_statements": 16, "percent_covered": 100.0, "percent_covered_display": "100", "missing_lines": 0, "excluded_lines": 0, "percent_statements_covered": 100.0, "percent_statements_covered_display": "100"}, "missing_lines": [], "excluded_lines": [], "start_line": 98}, "list_reference_data_by_class": {"executed_lines": [128, 136, 137], "summary": {"covered_lines": 3, "num_statements": 3, "percent_covered": 100.0, "percent_covered_display": "100", "missing_lines": 0, "excluded_lines": 0, "percent_statements_covered": 100.0, "percent_statements_covered_display": "100"}, "missing_lines": [], "excluded_lines": [], "start_line": 124}, "": {"executed_lines": [2, 4, 5, 7, 10, 13, 14, 15, 17, 98, 124], "summary": {"covered_lines": 11, "num_statements": 11, "percent_covered": 100.0, "percent_covered_display": "100", "missing_lines": 0, "excluded_lines": 0, "percent_statements_covered": 100.0, "percent_statements_covered_display": "100"}, "missing_lines": [], "excluded_lines": [], "start_line": 1}}, "classes": {"ReferenceDataItem": {"executed_lines": [], "summary": {"covered_lines": 0, "num_statements": 0, "percent_covered": 100.0, "percent_covered_display": "100", "missing_lines": 0, "excluded_lines": 0, "percent_statements_covered": 100.0, "percent_statements_covered_display": "100"}, "missing_lines": [], "excluded_lines": [], "start_line": 10}, "": {"executed_lines": [2, 4, 5, 7, 10, 13, 14, 15, 17, 98, 100, 101, 102, 103, 104, 108, 109, 110, 112, 113, 114, 115, 117, 118, 120, 121, 124, 128, 136, 137], "summary": {"covered_lines": 30, "num_statements": 30, "percent_covered": 100.0, "percent_covered_display": "100", "missing_lines": 0, "excluded_lines": 0, "percent_statements_covered": 100.0, "percent_statements_covered_display": "100"}, "missing_lines": [], "excluded_lines": [], "start_line": 1}}}, "backend/app/services/user.py": {"executed_lines": [4, 6, 7, 9, 10, 11, 12, 15, 18, 25, 27, 37, 38, 40, 50, 51, 53, 66, 72, 74, 88, 89, 90, 93, 94, 98, 99, 107, 108, 109, 111, 113, 124, 125, 126, 127, 128, 129, 131], "summary": {"covered_lines": 39, "num_statements": 41, "percent_covered": 95.1219512195122, "percent_covered_display": "95", "missing_lines": 2, "excluded_lines": 0, "percent_statements_covered": 95.1219512195122, "percent_statements_covered_display": "95"}, "missing_lines": [95, 130], "excluded_lines": [], "functions": {"UserService.__init__": {"executed_lines": [25], "summary": {"covered_lines": 1, "num_statements": 1, "percent_covered": 100.0, "percent_covered_display": "100", "missing_lines": 0, "excluded_lines": 0, "percent_statements_covered": 100.0, "percent_statements_covered_display": "100"}, "missing_lines": [], "excluded_lines": [], "start_line": 18}, "UserService.get_user_by_email": {"executed_lines": [37, 38], "summary": {"covered_lines": 2, "num_statements": 2, "percent_covered": 100.0, "percent_covered_display": "100", "missing_lines": 0, "excluded_lines": 0, "percent_statements_covered": 100.0, "percent_statements_covered_display": "100"}, "missing_lines": [], "excluded_lines": [], "start_line": 27}, "UserService.get_user_by_id": {"executed_lines": [50, 51], "summary": {"covered_lines": 2, "num_statements": 2, "percent_covered": 100.0, "percent_covered_display": "100", "missing_lines": 0, "excluded_lines": 0, "percent_statements_covered": 100.0, "percent_statements_covered_display": "100"}, "missing_lines": [], "excluded_lines": [], "start_line": 40}, "UserService.get_reference_data_by_class_and_value": {"executed_lines": [66, 72], "summary": {"covered_lines": 2, "num_statements": 2, "percent_covered": 100.0, "percent_covered_display": "100", "missing_lines": 0, "excluded_lines": 0, "percent_statements_covered": 100.0, "percent_statements_covered_display": "100"}, "missing_lines": [], "excluded_lines": [], "start_line": 53}, "UserService.create_user": {"executed_lines": [88, 89, 90, 93, 94, 98, 99, 107, 108, 109, 111], "summary": {"covered_lines": 11, "num_statements": 12, "percent_covered": 91.66666666666667, "percent_covered_display": "92", "missing_lines": 1, "excluded_lines": 0, "percent_statements_covered": 91.66666666666667, "percent_statements_covered_display": "92"}, "missing_lines": [95], "excluded_lines": [], "start_line": 74}, "UserService.authenticate_user": {"executed_lines": [124, 125, 126, 127, 128, 129, 131], "summary": {"covered_lines": 7, "num_statements": 8, "percent_covered": 87.5, "percent_covered_display": "88", "missing_lines": 1, "excluded_lines": 0, "percent_statements_covered": 87.5, "percent_statements_covered_display": "88"}, "missing_lines": [130], "excluded_lines": [], "start_line": 113}, "": {"executed_lines": [4, 6, 7, 9, 10, 11, 12, 15, 18, 27, 40, 53, 74, 113], "summary": {"covered_lines": 14, "num_statements": 14, "percent_covered": 100.0, "percent_covered_display": "100", "missing_lines": 0, "excluded_lines": 0, "percent_statements_covered": 100.0, "percent_statements_covered_display": "100"}, "missing_lines": [], "excluded_lines": [], "start_line": 1}}, "classes": {"UserService": {"executed_lines": [25, 37, 38, 50, 51, 66, 72, 88, 89, 90, 93, 94, 98, 99, 107, 108, 109, 111, 124, 125, 126, 127, 128, 129, 131], "summary": {"covered_lines": 25, "num_statements": 27, "percent_covered": 92.5925925925926, "percent_covered_display": "93", "missing_lines": 2, "excluded_lines": 0, "percent_statements_covered": 92.5925925925926, "percent_statements_covered_display": "93"}, "missing_lines": [95, 130], "excluded_lines": [], "start_line": 15}, "": {"executed_lines": [4, 6, 7, 9, 10, 11, 12, 15, 18, 27, 40, 53, 74, 113], "summary": {"covered_lines": 14, "num_statements": 14, "percent_covered": 100.0, "percent_covered_display": "100", "missing_lines": 0, "excluded_lines": 0, "percent_statements_covered": 100.0, "percent_statements_covered_display": "100"}, "missing_lines": [], "excluded_lines": [], "start_line": 1}}}, "backend/app/utils/__init__.py": {"executed_lines": [], "summary": {"covered_lines": 0, "num_statements": 0, "percent_covered": 100.0, "percent_covered_display": "100", "missing_lines": 0, "excluded_lines": 0, "percent_statements_covered": 100.0, "percent_statements_covered_display": "100"}, "missing_lines": [], "excluded_lines": [], "functions": {"": {"executed_lines": [], "summary": {"covered_lines": 0, "num_statements": 0, "percent_covered": 100.0, "percent_covered_display": "100", "missing_lines": 0, "excluded_lines": 0, "percent_statements_covered": 100.0, "percent_statements_covered_display": "100"}, "missing_lines": [], "excluded_lines": [], "start_line": 1}}, "classes": {"": {"executed_lines": [], "summary": {"covered_lines": 0, "num_statements": 0, "percent_covered": 100.0, "percent_covered_display": "100", "missing_lines": 0, "excluded_lines": 0, "percent_statements_covered": 100.0, "percent_statements_covered_display": "100"}, "missing_lines": [], "excluded_lines": [], "start_line": 1}}}, "backend/app/utils/encryption.py": {"executed_lines": [2, 3, 5, 8, 11, 15, 16, 18, 19, 27, 28, 29, 32, 34, 35, 37, 38, 39, 40, 43, 45, 46, 48, 49, 50, 51, 52, 53, 54, 56], "summary": {"covered_lines": 30, "num_statements": 32, "percent_covered": 93.75, "percent_covered_display": "94", "missing_lines": 2, "excluded_lines": 0, "percent_statements_covered": 93.75, "percent_statements_covered_display": "94"}, "missing_lines": [20, 23], "excluded_lines": [], "functions": {"get_encryption_key": {"executed_lines": [15, 16, 18, 19, 27, 28, 29], "summary": {"covered_lines": 7, "num_statements": 9, "percent_covered": 77.77777777777777, "percent_covered_display": "78", "missing_lines": 2, "excluded_lines": 0, "percent_statements_covered": 77.77777777777777, "percent_statements_covered_display": "78"}, "missing_lines": [20, 23], "excluded_lines": [], "start_line": 11}, "encrypt_value": {"executed_lines": [34, 35, 37, 38, 39, 40], "summary": {"covered_lines": 6, "num_statements": 6, "percent_covered": 100.0, "percent_covered_display": "100", "missing_lines": 0, "excluded_lines": 0, "percent_statements_covered": 100.0, "percent_statements_covered_display": "100"}, "missing_lines": [], "excluded_lines": [], "start_line": 32}, "decrypt_value": {"executed_lines": [45, 46, 48, 49, 50, 51, 52, 53, 54, 56], "summary": {"covered_lines": 10, "num_statements": 10, "percent_covered": 100.0, "percent_covered_display": "100", "missing_lines": 0, "excluded_lines": 0, "percent_statements_covered": 100.0, "percent_statements_covered_display": "100"}, "missing_lines": [], "excluded_lines": [], "start_line": 43}, "": {"executed_lines": [2, 3, 5, 8, 11, 32, 43], "summary": {"covered_lines": 7, "num_statements": 7, "percent_covered": 100.0, "percent_covered_display": "100", "missing_lines": 0, "excluded_lines": 0, "percent_statements_covered": 100.0, "percent_statements_covered_display": "100"}, "missing_lines": [], "excluded_lines": [], "start_line": 1}}, "classes": {"": {"executed_lines": [2, 3, 5, 8, 11, 15, 16, 18, 19, 27, 28, 29, 32, 34, 35, 37, 38, 39, 40, 43, 45, 46, 48, 49, 50, 51, 52, 53, 54, 56], "summary": {"covered_lines": 30, "num_statements": 32, "percent_covered": 93.75, "percent_covered_display": "94", "missing_lines": 2, "excluded_lines": 0, "percent_statements_covered": 93.75, "percent_statements_covered_display": "94"}, "missing_lines": [20, 23], "excluded_lines": [], "start_line": 1}}}}, "totals": {"covered_lines": 1116, "num_statements": 1392, "percent_covered": 80.17241379310344, "percent_covered_display": "80", "missing_lines": 276, "excluded_lines": 4, "percent_statements_covered": 80.17241379310344, "percent_statements_covered_display": "80"}}